c:\users\maddy\documents\school\cs_467\i8080_emulator\x64\debug\vc142.pdb
c:\users\maddy\documents\school\cs_467\i8080_emulator\x64\debug\vc142.idb
c:\users\maddy\documents\school\cs_467\i8080_emulator\x64\debug\spaceinvaders.obj
c:\users\maddy\documents\school\cs_467\i8080_emulator\x64\debug\main.obj
c:\users\maddy\documents\school\cs_467\i8080_emulator\x64\debug\i8080_registers.obj
c:\users\maddy\documents\school\cs_467\i8080_emulator\x64\debug\i8080_opcodes.obj
c:\users\maddy\documents\school\cs_467\i8080_emulator\x64\debug\i8080_memory.obj
c:\users\maddy\documents\school\cs_467\i8080_emulator\x64\debug\i8080_io.obj
c:\users\maddy\documents\school\cs_467\i8080_emulator\x64\debug\i8080_flags.obj
c:\users\maddy\documents\school\cs_467\i8080_emulator\x64\debug\i8080_clock.obj
c:\users\maddy\documents\school\cs_467\i8080_emulator\x64\debug\i8080.obj
c:\users\maddy\documents\school\cs_467\i8080_emulator\x64\debug\emulator.obj
c:\users\maddy\documents\school\cs_467\i8080_emulator\x64\debug\emulator_8080.pdb
c:\users\maddy\documents\school\cs_467\i8080_emulator\x64\debug\emulator_8080.tlog\cl.command.1.tlog
c:\users\maddy\documents\school\cs_467\i8080_emulator\x64\debug\emulator_8080.tlog\cl.read.1.tlog
c:\users\maddy\documents\school\cs_467\i8080_emulator\x64\debug\emulator_8080.tlog\cl.write.1.tlog
c:\users\maddy\documents\school\cs_467\i8080_emulator\x64\debug\emulator_8080.tlog\link-cvtres.read.1.tlog
c:\users\maddy\documents\school\cs_467\i8080_emulator\x64\debug\emulator_8080.tlog\link-cvtres.write.1.tlog
c:\users\maddy\documents\school\cs_467\i8080_emulator\x64\debug\emulator_8080.tlog\link-rc.read.1.tlog
c:\users\maddy\documents\school\cs_467\i8080_emulator\x64\debug\emulator_8080.tlog\link-rc.write.1.tlog
c:\users\maddy\documents\school\cs_467\i8080_emulator\x64\debug\emulator_8080.tlog\link.command.1.tlog
c:\users\maddy\documents\school\cs_467\i8080_emulator\x64\debug\emulator_8080.tlog\link.read.1.tlog
c:\users\maddy\documents\school\cs_467\i8080_emulator\x64\debug\emulator_8080.tlog\link.write.1.tlog
