  i8080.cpp
  i8080_Registers.cpp
  Generating Code...
  LINK : C:\Users\Maddy\Documents\School\CS_467\i8080_Emulator\x64\Debug\Emulator_8080.exe not found or not built by the last incremental link; performing full link
i8080_Opcodes.obj : error LNK2019: unresolved external symbol "private: void __cdecl i8080::i8080_OpCodes::func_NOP(void)" (?func_NOP@i8080_OpCodes@i8080@@AEAAXXZ) referenced in function "public: void __cdecl i8080::i8080_OpCodes::runOpCode(unsigned char)" (?runOpCode@i8080_OpCodes@i8080@@QEAAXE@Z)
i8080_Opcodes.obj : error LNK2019: unresolved external symbol "private: void __cdecl i8080::i8080_OpCodes::func_LXI_B_D16(void)" (?func_LXI_B_D16@i8080_OpCodes@i8080@@AEAAXXZ) referenced in function "public: void __cdecl i8080::i8080_OpCodes::runOpCode(unsigned char)" (?runOpCode@i8080_OpCodes@i8080@@QEAAXE@Z)
i8080_Opcodes.obj : error LNK2019: unresolved external symbol "private: void __cdecl i8080::i8080_OpCodes::func_STAX_B(void)" (?func_STAX_B@i8080_OpCodes@i8080@@AEAAXXZ) referenced in function "public: void __cdecl i8080::i8080_OpCodes::runOpCode(unsigned char)" (?runOpCode@i8080_OpCodes@i8080@@QEAAXE@Z)
i8080_Opcodes.obj : error LNK2019: unresolved external symbol "private: void __cdecl i8080::i8080_OpCodes::func_INX_B(void)" (?func_INX_B@i8080_OpCodes@i8080@@AEAAXXZ) referenced in function "public: void __cdecl i8080::i8080_OpCodes::runOpCode(unsigned char)" (?runOpCode@i8080_OpCodes@i8080@@QEAAXE@Z)
i8080_Opcodes.obj : error LNK2019: unresolved external symbol "private: void __cdecl i8080::i8080_OpCodes::func_INR_B(void)" (?func_INR_B@i8080_OpCodes@i8080@@AEAAXXZ) referenced in function "public: void __cdecl i8080::i8080_OpCodes::runOpCode(unsigned char)" (?runOpCode@i8080_OpCodes@i8080@@QEAAXE@Z)
i8080_Opcodes.obj : error LNK2019: unresolved external symbol "private: void __cdecl i8080::i8080_OpCodes::func_DCR_B(void)" (?func_DCR_B@i8080_OpCodes@i8080@@AEAAXXZ) referenced in function "public: void __cdecl i8080::i8080_OpCodes::runOpCode(unsigned char)" (?runOpCode@i8080_OpCodes@i8080@@QEAAXE@Z)
i8080_Opcodes.obj : error LNK2019: unresolved external symbol "private: void __cdecl i8080::i8080_OpCodes::func_MVI_B_D8(void)" (?func_MVI_B_D8@i8080_OpCodes@i8080@@AEAAXXZ) referenced in function "public: void __cdecl i8080::i8080_OpCodes::runOpCode(unsigned char)" (?runOpCode@i8080_OpCodes@i8080@@QEAAXE@Z)
i8080_Opcodes.obj : error LNK2019: unresolved external symbol "private: void __cdecl i8080::i8080_OpCodes::func_RLC(void)" (?func_RLC@i8080_OpCodes@i8080@@AEAAXXZ) referenced in function "public: void __cdecl i8080::i8080_OpCodes::runOpCode(unsigned char)" (?runOpCode@i8080_OpCodes@i8080@@QEAAXE@Z)
i8080_Opcodes.obj : error LNK2019: unresolved external symbol "private: void __cdecl i8080::i8080_OpCodes::func_DAD_B(void)" (?func_DAD_B@i8080_OpCodes@i8080@@AEAAXXZ) referenced in function "public: void __cdecl i8080::i8080_OpCodes::runOpCode(unsigned char)" (?runOpCode@i8080_OpCodes@i8080@@QEAAXE@Z)
i8080_Opcodes.obj : error LNK2019: unresolved external symbol "private: void __cdecl i8080::i8080_OpCodes::func_LDAX_B(void)" (?func_LDAX_B@i8080_OpCodes@i8080@@AEAAXXZ) referenced in function "public: void __cdecl i8080::i8080_OpCodes::runOpCode(unsigned char)" (?runOpCode@i8080_OpCodes@i8080@@QEAAXE@Z)
i8080_Opcodes.obj : error LNK2019: unresolved external symbol "private: void __cdecl i8080::i8080_OpCodes::func_DCX_B(void)" (?func_DCX_B@i8080_OpCodes@i8080@@AEAAXXZ) referenced in function "public: void __cdecl i8080::i8080_OpCodes::runOpCode(unsigned char)" (?runOpCode@i8080_OpCodes@i8080@@QEAAXE@Z)
i8080_Opcodes.obj : error LNK2019: unresolved external symbol "private: void __cdecl i8080::i8080_OpCodes::func_INR_C(void)" (?func_INR_C@i8080_OpCodes@i8080@@AEAAXXZ) referenced in function "public: void __cdecl i8080::i8080_OpCodes::runOpCode(unsigned char)" (?runOpCode@i8080_OpCodes@i8080@@QEAAXE@Z)
i8080_Opcodes.obj : error LNK2019: unresolved external symbol "private: void __cdecl i8080::i8080_OpCodes::func_DCR_C(void)" (?func_DCR_C@i8080_OpCodes@i8080@@AEAAXXZ) referenced in function "public: void __cdecl i8080::i8080_OpCodes::runOpCode(unsigned char)" (?runOpCode@i8080_OpCodes@i8080@@QEAAXE@Z)
i8080_Opcodes.obj : error LNK2019: unresolved external symbol "private: void __cdecl i8080::i8080_OpCodes::func_MVI_C_D8(void)" (?func_MVI_C_D8@i8080_OpCodes@i8080@@AEAAXXZ) referenced in function "public: void __cdecl i8080::i8080_OpCodes::runOpCode(unsigned char)" (?runOpCode@i8080_OpCodes@i8080@@QEAAXE@Z)
i8080_Opcodes.obj : error LNK2019: unresolved external symbol "private: void __cdecl i8080::i8080_OpCodes::func_RRC(void)" (?func_RRC@i8080_OpCodes@i8080@@AEAAXXZ) referenced in function "public: void __cdecl i8080::i8080_OpCodes::runOpCode(unsigned char)" (?runOpCode@i8080_OpCodes@i8080@@QEAAXE@Z)
i8080_Opcodes.obj : error LNK2019: unresolved external symbol "private: void __cdecl i8080::i8080_OpCodes::func_LXI_D_D16(void)" (?func_LXI_D_D16@i8080_OpCodes@i8080@@AEAAXXZ) referenced in function "public: void __cdecl i8080::i8080_OpCodes::runOpCode(unsigned char)" (?runOpCode@i8080_OpCodes@i8080@@QEAAXE@Z)
i8080_Opcodes.obj : error LNK2019: unresolved external symbol "private: void __cdecl i8080::i8080_OpCodes::func_STAX_D(void)" (?func_STAX_D@i8080_OpCodes@i8080@@AEAAXXZ) referenced in function "public: void __cdecl i8080::i8080_OpCodes::runOpCode(unsigned char)" (?runOpCode@i8080_OpCodes@i8080@@QEAAXE@Z)
i8080_Opcodes.obj : error LNK2019: unresolved external symbol "private: void __cdecl i8080::i8080_OpCodes::func_INX_D(void)" (?func_INX_D@i8080_OpCodes@i8080@@AEAAXXZ) referenced in function "public: void __cdecl i8080::i8080_OpCodes::runOpCode(unsigned char)" (?runOpCode@i8080_OpCodes@i8080@@QEAAXE@Z)
i8080_Opcodes.obj : error LNK2019: unresolved external symbol "private: void __cdecl i8080::i8080_OpCodes::func_INR_D(void)" (?func_INR_D@i8080_OpCodes@i8080@@AEAAXXZ) referenced in function "public: void __cdecl i8080::i8080_OpCodes::runOpCode(unsigned char)" (?runOpCode@i8080_OpCodes@i8080@@QEAAXE@Z)
i8080_Opcodes.obj : error LNK2019: unresolved external symbol "private: void __cdecl i8080::i8080_OpCodes::func_DCR_D(void)" (?func_DCR_D@i8080_OpCodes@i8080@@AEAAXXZ) referenced in function "public: void __cdecl i8080::i8080_OpCodes::runOpCode(unsigned char)" (?runOpCode@i8080_OpCodes@i8080@@QEAAXE@Z)
i8080_Opcodes.obj : error LNK2019: unresolved external symbol "private: void __cdecl i8080::i8080_OpCodes::func_MVI_D_D8(void)" (?func_MVI_D_D8@i8080_OpCodes@i8080@@AEAAXXZ) referenced in function "public: void __cdecl i8080::i8080_OpCodes::runOpCode(unsigned char)" (?runOpCode@i8080_OpCodes@i8080@@QEAAXE@Z)
i8080_Opcodes.obj : error LNK2019: unresolved external symbol "private: void __cdecl i8080::i8080_OpCodes::func_RAL(void)" (?func_RAL@i8080_OpCodes@i8080@@AEAAXXZ) referenced in function "public: void __cdecl i8080::i8080_OpCodes::runOpCode(unsigned char)" (?runOpCode@i8080_OpCodes@i8080@@QEAAXE@Z)
i8080_Opcodes.obj : error LNK2019: unresolved external symbol "private: void __cdecl i8080::i8080_OpCodes::func_DAD_D(void)" (?func_DAD_D@i8080_OpCodes@i8080@@AEAAXXZ) referenced in function "public: void __cdecl i8080::i8080_OpCodes::runOpCode(unsigned char)" (?runOpCode@i8080_OpCodes@i8080@@QEAAXE@Z)
i8080_Opcodes.obj : error LNK2019: unresolved external symbol "private: void __cdecl i8080::i8080_OpCodes::func_LDAX_D(void)" (?func_LDAX_D@i8080_OpCodes@i8080@@AEAAXXZ) referenced in function "public: void __cdecl i8080::i8080_OpCodes::runOpCode(unsigned char)" (?runOpCode@i8080_OpCodes@i8080@@QEAAXE@Z)
i8080_Opcodes.obj : error LNK2019: unresolved external symbol "private: void __cdecl i8080::i8080_OpCodes::func_DCX_D(void)" (?func_DCX_D@i8080_OpCodes@i8080@@AEAAXXZ) referenced in function "public: void __cdecl i8080::i8080_OpCodes::runOpCode(unsigned char)" (?runOpCode@i8080_OpCodes@i8080@@QEAAXE@Z)
i8080_Opcodes.obj : error LNK2019: unresolved external symbol "private: void __cdecl i8080::i8080_OpCodes::func_INR_E(void)" (?func_INR_E@i8080_OpCodes@i8080@@AEAAXXZ) referenced in function "public: void __cdecl i8080::i8080_OpCodes::runOpCode(unsigned char)" (?runOpCode@i8080_OpCodes@i8080@@QEAAXE@Z)
i8080_Opcodes.obj : error LNK2019: unresolved external symbol "private: void __cdecl i8080::i8080_OpCodes::func_DCR_E(void)" (?func_DCR_E@i8080_OpCodes@i8080@@AEAAXXZ) referenced in function "public: void __cdecl i8080::i8080_OpCodes::runOpCode(unsigned char)" (?runOpCode@i8080_OpCodes@i8080@@QEAAXE@Z)
i8080_Opcodes.obj : error LNK2019: unresolved external symbol "private: void __cdecl i8080::i8080_OpCodes::func_MVI_E_D8(void)" (?func_MVI_E_D8@i8080_OpCodes@i8080@@AEAAXXZ) referenced in function "public: void __cdecl i8080::i8080_OpCodes::runOpCode(unsigned char)" (?runOpCode@i8080_OpCodes@i8080@@QEAAXE@Z)
i8080_Opcodes.obj : error LNK2019: unresolved external symbol "private: void __cdecl i8080::i8080_OpCodes::func_RAR(void)" (?func_RAR@i8080_OpCodes@i8080@@AEAAXXZ) referenced in function "public: void __cdecl i8080::i8080_OpCodes::runOpCode(unsigned char)" (?runOpCode@i8080_OpCodes@i8080@@QEAAXE@Z)
i8080_Opcodes.obj : error LNK2019: unresolved external symbol "private: void __cdecl i8080::i8080_OpCodes::func_LXI_H_D16(void)" (?func_LXI_H_D16@i8080_OpCodes@i8080@@AEAAXXZ) referenced in function "public: void __cdecl i8080::i8080_OpCodes::runOpCode(unsigned char)" (?runOpCode@i8080_OpCodes@i8080@@QEAAXE@Z)
i8080_Opcodes.obj : error LNK2019: unresolved external symbol "private: void __cdecl i8080::i8080_OpCodes::func_SHLD_ADR(void)" (?func_SHLD_ADR@i8080_OpCodes@i8080@@AEAAXXZ) referenced in function "public: void __cdecl i8080::i8080_OpCodes::runOpCode(unsigned char)" (?runOpCode@i8080_OpCodes@i8080@@QEAAXE@Z)
i8080_Opcodes.obj : error LNK2019: unresolved external symbol "private: void __cdecl i8080::i8080_OpCodes::func_INX_H(void)" (?func_INX_H@i8080_OpCodes@i8080@@AEAAXXZ) referenced in function "public: void __cdecl i8080::i8080_OpCodes::runOpCode(unsigned char)" (?runOpCode@i8080_OpCodes@i8080@@QEAAXE@Z)
i8080_Opcodes.obj : error LNK2019: unresolved external symbol "private: void __cdecl i8080::i8080_OpCodes::func_INR_H(void)" (?func_INR_H@i8080_OpCodes@i8080@@AEAAXXZ) referenced in function "public: void __cdecl i8080::i8080_OpCodes::runOpCode(unsigned char)" (?runOpCode@i8080_OpCodes@i8080@@QEAAXE@Z)
i8080_Opcodes.obj : error LNK2019: unresolved external symbol "private: void __cdecl i8080::i8080_OpCodes::func_DCR_H(void)" (?func_DCR_H@i8080_OpCodes@i8080@@AEAAXXZ) referenced in function "public: void __cdecl i8080::i8080_OpCodes::runOpCode(unsigned char)" (?runOpCode@i8080_OpCodes@i8080@@QEAAXE@Z)
i8080_Opcodes.obj : error LNK2019: unresolved external symbol "private: void __cdecl i8080::i8080_OpCodes::func_MVI_H_D8(void)" (?func_MVI_H_D8@i8080_OpCodes@i8080@@AEAAXXZ) referenced in function "public: void __cdecl i8080::i8080_OpCodes::runOpCode(unsigned char)" (?runOpCode@i8080_OpCodes@i8080@@QEAAXE@Z)
i8080_Opcodes.obj : error LNK2019: unresolved external symbol "private: void __cdecl i8080::i8080_OpCodes::func_DAA(void)" (?func_DAA@i8080_OpCodes@i8080@@AEAAXXZ) referenced in function "public: void __cdecl i8080::i8080_OpCodes::runOpCode(unsigned char)" (?runOpCode@i8080_OpCodes@i8080@@QEAAXE@Z)
i8080_Opcodes.obj : error LNK2019: unresolved external symbol "private: void __cdecl i8080::i8080_OpCodes::func_DAD_H(void)" (?func_DAD_H@i8080_OpCodes@i8080@@AEAAXXZ) referenced in function "public: void __cdecl i8080::i8080_OpCodes::runOpCode(unsigned char)" (?runOpCode@i8080_OpCodes@i8080@@QEAAXE@Z)
i8080_Opcodes.obj : error LNK2019: unresolved external symbol "private: void __cdecl i8080::i8080_OpCodes::func_LHLD_ADR(void)" (?func_LHLD_ADR@i8080_OpCodes@i8080@@AEAAXXZ) referenced in function "public: void __cdecl i8080::i8080_OpCodes::runOpCode(unsigned char)" (?runOpCode@i8080_OpCodes@i8080@@QEAAXE@Z)
i8080_Opcodes.obj : error LNK2019: unresolved external symbol "private: void __cdecl i8080::i8080_OpCodes::func_DCX_H(void)" (?func_DCX_H@i8080_OpCodes@i8080@@AEAAXXZ) referenced in function "public: void __cdecl i8080::i8080_OpCodes::runOpCode(unsigned char)" (?runOpCode@i8080_OpCodes@i8080@@QEAAXE@Z)
i8080_Opcodes.obj : error LNK2019: unresolved external symbol "private: void __cdecl i8080::i8080_OpCodes::func_INR_L(void)" (?func_INR_L@i8080_OpCodes@i8080@@AEAAXXZ) referenced in function "public: void __cdecl i8080::i8080_OpCodes::runOpCode(unsigned char)" (?runOpCode@i8080_OpCodes@i8080@@QEAAXE@Z)
i8080_Opcodes.obj : error LNK2019: unresolved external symbol "private: void __cdecl i8080::i8080_OpCodes::func_DCR_L(void)" (?func_DCR_L@i8080_OpCodes@i8080@@AEAAXXZ) referenced in function "public: void __cdecl i8080::i8080_OpCodes::runOpCode(unsigned char)" (?runOpCode@i8080_OpCodes@i8080@@QEAAXE@Z)
i8080_Opcodes.obj : error LNK2019: unresolved external symbol "private: void __cdecl i8080::i8080_OpCodes::func_MVI_L_D8(void)" (?func_MVI_L_D8@i8080_OpCodes@i8080@@AEAAXXZ) referenced in function "public: void __cdecl i8080::i8080_OpCodes::runOpCode(unsigned char)" (?runOpCode@i8080_OpCodes@i8080@@QEAAXE@Z)
i8080_Opcodes.obj : error LNK2019: unresolved external symbol "private: void __cdecl i8080::i8080_OpCodes::func_CMA(void)" (?func_CMA@i8080_OpCodes@i8080@@AEAAXXZ) referenced in function "public: void __cdecl i8080::i8080_OpCodes::runOpCode(unsigned char)" (?runOpCode@i8080_OpCodes@i8080@@QEAAXE@Z)
i8080_Opcodes.obj : error LNK2019: unresolved external symbol "private: void __cdecl i8080::i8080_OpCodes::func_LXI_SP_D16(void)" (?func_LXI_SP_D16@i8080_OpCodes@i8080@@AEAAXXZ) referenced in function "public: void __cdecl i8080::i8080_OpCodes::runOpCode(unsigned char)" (?runOpCode@i8080_OpCodes@i8080@@QEAAXE@Z)
i8080_Opcodes.obj : error LNK2019: unresolved external symbol "private: void __cdecl i8080::i8080_OpCodes::func_STA_ADR(void)" (?func_STA_ADR@i8080_OpCodes@i8080@@AEAAXXZ) referenced in function "public: void __cdecl i8080::i8080_OpCodes::runOpCode(unsigned char)" (?runOpCode@i8080_OpCodes@i8080@@QEAAXE@Z)
i8080_Opcodes.obj : error LNK2019: unresolved external symbol "private: void __cdecl i8080::i8080_OpCodes::func_INX_SP(void)" (?func_INX_SP@i8080_OpCodes@i8080@@AEAAXXZ) referenced in function "public: void __cdecl i8080::i8080_OpCodes::runOpCode(unsigned char)" (?runOpCode@i8080_OpCodes@i8080@@QEAAXE@Z)
i8080_Opcodes.obj : error LNK2019: unresolved external symbol "private: void __cdecl i8080::i8080_OpCodes::func_INR_M(void)" (?func_INR_M@i8080_OpCodes@i8080@@AEAAXXZ) referenced in function "public: void __cdecl i8080::i8080_OpCodes::runOpCode(unsigned char)" (?runOpCode@i8080_OpCodes@i8080@@QEAAXE@Z)
i8080_Opcodes.obj : error LNK2019: unresolved external symbol "private: void __cdecl i8080::i8080_OpCodes::func_DCR_M(void)" (?func_DCR_M@i8080_OpCodes@i8080@@AEAAXXZ) referenced in function "public: void __cdecl i8080::i8080_OpCodes::runOpCode(unsigned char)" (?runOpCode@i8080_OpCodes@i8080@@QEAAXE@Z)
i8080_Opcodes.obj : error LNK2019: unresolved external symbol "private: void __cdecl i8080::i8080_OpCodes::func_MVI_M_D8(void)" (?func_MVI_M_D8@i8080_OpCodes@i8080@@AEAAXXZ) referenced in function "public: void __cdecl i8080::i8080_OpCodes::runOpCode(unsigned char)" (?runOpCode@i8080_OpCodes@i8080@@QEAAXE@Z)
i8080_Opcodes.obj : error LNK2019: unresolved external symbol "private: void __cdecl i8080::i8080_OpCodes::func_STC(void)" (?func_STC@i8080_OpCodes@i8080@@AEAAXXZ) referenced in function "public: void __cdecl i8080::i8080_OpCodes::runOpCode(unsigned char)" (?runOpCode@i8080_OpCodes@i8080@@QEAAXE@Z)
i8080_Opcodes.obj : error LNK2019: unresolved external symbol "private: void __cdecl i8080::i8080_OpCodes::func_DAD_SP(void)" (?func_DAD_SP@i8080_OpCodes@i8080@@AEAAXXZ) referenced in function "public: void __cdecl i8080::i8080_OpCodes::runOpCode(unsigned char)" (?runOpCode@i8080_OpCodes@i8080@@QEAAXE@Z)
i8080_Opcodes.obj : error LNK2019: unresolved external symbol "private: void __cdecl i8080::i8080_OpCodes::func_LDA_ADR(void)" (?func_LDA_ADR@i8080_OpCodes@i8080@@AEAAXXZ) referenced in function "public: void __cdecl i8080::i8080_OpCodes::runOpCode(unsigned char)" (?runOpCode@i8080_OpCodes@i8080@@QEAAXE@Z)
i8080_Opcodes.obj : error LNK2019: unresolved external symbol "private: void __cdecl i8080::i8080_OpCodes::func_DCX_SP(void)" (?func_DCX_SP@i8080_OpCodes@i8080@@AEAAXXZ) referenced in function "public: void __cdecl i8080::i8080_OpCodes::runOpCode(unsigned char)" (?runOpCode@i8080_OpCodes@i8080@@QEAAXE@Z)
i8080_Opcodes.obj : error LNK2019: unresolved external symbol "private: void __cdecl i8080::i8080_OpCodes::func_INR_A(void)" (?func_INR_A@i8080_OpCodes@i8080@@AEAAXXZ) referenced in function "public: void __cdecl i8080::i8080_OpCodes::runOpCode(unsigned char)" (?runOpCode@i8080_OpCodes@i8080@@QEAAXE@Z)
i8080_Opcodes.obj : error LNK2019: unresolved external symbol "private: void __cdecl i8080::i8080_OpCodes::func_DCR_A(void)" (?func_DCR_A@i8080_OpCodes@i8080@@AEAAXXZ) referenced in function "public: void __cdecl i8080::i8080_OpCodes::runOpCode(unsigned char)" (?runOpCode@i8080_OpCodes@i8080@@QEAAXE@Z)
i8080_Opcodes.obj : error LNK2019: unresolved external symbol "private: void __cdecl i8080::i8080_OpCodes::func_MVI_A_D8(void)" (?func_MVI_A_D8@i8080_OpCodes@i8080@@AEAAXXZ) referenced in function "public: void __cdecl i8080::i8080_OpCodes::runOpCode(unsigned char)" (?runOpCode@i8080_OpCodes@i8080@@QEAAXE@Z)
i8080_Opcodes.obj : error LNK2019: unresolved external symbol "private: void __cdecl i8080::i8080_OpCodes::func_CMC(void)" (?func_CMC@i8080_OpCodes@i8080@@AEAAXXZ) referenced in function "public: void __cdecl i8080::i8080_OpCodes::runOpCode(unsigned char)" (?runOpCode@i8080_OpCodes@i8080@@QEAAXE@Z)
i8080_Opcodes.obj : error LNK2019: unresolved external symbol "private: void __cdecl i8080::i8080_OpCodes::func_MOV_B_B(void)" (?func_MOV_B_B@i8080_OpCodes@i8080@@AEAAXXZ) referenced in function "public: void __cdecl i8080::i8080_OpCodes::runOpCode(unsigned char)" (?runOpCode@i8080_OpCodes@i8080@@QEAAXE@Z)
i8080_Opcodes.obj : error LNK2019: unresolved external symbol "private: void __cdecl i8080::i8080_OpCodes::func_MOV_B_C(void)" (?func_MOV_B_C@i8080_OpCodes@i8080@@AEAAXXZ) referenced in function "public: void __cdecl i8080::i8080_OpCodes::runOpCode(unsigned char)" (?runOpCode@i8080_OpCodes@i8080@@QEAAXE@Z)
i8080_Opcodes.obj : error LNK2019: unresolved external symbol "private: void __cdecl i8080::i8080_OpCodes::func_MOV_B_D(void)" (?func_MOV_B_D@i8080_OpCodes@i8080@@AEAAXXZ) referenced in function "public: void __cdecl i8080::i8080_OpCodes::runOpCode(unsigned char)" (?runOpCode@i8080_OpCodes@i8080@@QEAAXE@Z)
i8080_Opcodes.obj : error LNK2019: unresolved external symbol "private: void __cdecl i8080::i8080_OpCodes::func_MOV_B_E(void)" (?func_MOV_B_E@i8080_OpCodes@i8080@@AEAAXXZ) referenced in function "public: void __cdecl i8080::i8080_OpCodes::runOpCode(unsigned char)" (?runOpCode@i8080_OpCodes@i8080@@QEAAXE@Z)
i8080_Opcodes.obj : error LNK2019: unresolved external symbol "private: void __cdecl i8080::i8080_OpCodes::func_MOV_B_H(void)" (?func_MOV_B_H@i8080_OpCodes@i8080@@AEAAXXZ) referenced in function "public: void __cdecl i8080::i8080_OpCodes::runOpCode(unsigned char)" (?runOpCode@i8080_OpCodes@i8080@@QEAAXE@Z)
i8080_Opcodes.obj : error LNK2019: unresolved external symbol "private: void __cdecl i8080::i8080_OpCodes::func_MOV_B_L(void)" (?func_MOV_B_L@i8080_OpCodes@i8080@@AEAAXXZ) referenced in function "public: void __cdecl i8080::i8080_OpCodes::runOpCode(unsigned char)" (?runOpCode@i8080_OpCodes@i8080@@QEAAXE@Z)
i8080_Opcodes.obj : error LNK2019: unresolved external symbol "private: void __cdecl i8080::i8080_OpCodes::func_MOV_B_M(void)" (?func_MOV_B_M@i8080_OpCodes@i8080@@AEAAXXZ) referenced in function "public: void __cdecl i8080::i8080_OpCodes::runOpCode(unsigned char)" (?runOpCode@i8080_OpCodes@i8080@@QEAAXE@Z)
i8080_Opcodes.obj : error LNK2019: unresolved external symbol "private: void __cdecl i8080::i8080_OpCodes::func_MOV_B_A(void)" (?func_MOV_B_A@i8080_OpCodes@i8080@@AEAAXXZ) referenced in function "public: void __cdecl i8080::i8080_OpCodes::runOpCode(unsigned char)" (?runOpCode@i8080_OpCodes@i8080@@QEAAXE@Z)
i8080_Opcodes.obj : error LNK2019: unresolved external symbol "private: void __cdecl i8080::i8080_OpCodes::func_MOV_C_B(void)" (?func_MOV_C_B@i8080_OpCodes@i8080@@AEAAXXZ) referenced in function "public: void __cdecl i8080::i8080_OpCodes::runOpCode(unsigned char)" (?runOpCode@i8080_OpCodes@i8080@@QEAAXE@Z)
i8080_Opcodes.obj : error LNK2019: unresolved external symbol "private: void __cdecl i8080::i8080_OpCodes::func_MOV_C_C(void)" (?func_MOV_C_C@i8080_OpCodes@i8080@@AEAAXXZ) referenced in function "public: void __cdecl i8080::i8080_OpCodes::runOpCode(unsigned char)" (?runOpCode@i8080_OpCodes@i8080@@QEAAXE@Z)
i8080_Opcodes.obj : error LNK2019: unresolved external symbol "private: void __cdecl i8080::i8080_OpCodes::func_MOV_C_D(void)" (?func_MOV_C_D@i8080_OpCodes@i8080@@AEAAXXZ) referenced in function "public: void __cdecl i8080::i8080_OpCodes::runOpCode(unsigned char)" (?runOpCode@i8080_OpCodes@i8080@@QEAAXE@Z)
i8080_Opcodes.obj : error LNK2019: unresolved external symbol "private: void __cdecl i8080::i8080_OpCodes::func_MOV_C_E(void)" (?func_MOV_C_E@i8080_OpCodes@i8080@@AEAAXXZ) referenced in function "public: void __cdecl i8080::i8080_OpCodes::runOpCode(unsigned char)" (?runOpCode@i8080_OpCodes@i8080@@QEAAXE@Z)
i8080_Opcodes.obj : error LNK2019: unresolved external symbol "private: void __cdecl i8080::i8080_OpCodes::func_MOV_C_H(void)" (?func_MOV_C_H@i8080_OpCodes@i8080@@AEAAXXZ) referenced in function "public: void __cdecl i8080::i8080_OpCodes::runOpCode(unsigned char)" (?runOpCode@i8080_OpCodes@i8080@@QEAAXE@Z)
i8080_Opcodes.obj : error LNK2019: unresolved external symbol "private: void __cdecl i8080::i8080_OpCodes::func_MOV_C_L(void)" (?func_MOV_C_L@i8080_OpCodes@i8080@@AEAAXXZ) referenced in function "public: void __cdecl i8080::i8080_OpCodes::runOpCode(unsigned char)" (?runOpCode@i8080_OpCodes@i8080@@QEAAXE@Z)
i8080_Opcodes.obj : error LNK2019: unresolved external symbol "private: void __cdecl i8080::i8080_OpCodes::func_MOV_C_M(void)" (?func_MOV_C_M@i8080_OpCodes@i8080@@AEAAXXZ) referenced in function "public: void __cdecl i8080::i8080_OpCodes::runOpCode(unsigned char)" (?runOpCode@i8080_OpCodes@i8080@@QEAAXE@Z)
i8080_Opcodes.obj : error LNK2019: unresolved external symbol "private: void __cdecl i8080::i8080_OpCodes::func_MOV_C_A(void)" (?func_MOV_C_A@i8080_OpCodes@i8080@@AEAAXXZ) referenced in function "public: void __cdecl i8080::i8080_OpCodes::runOpCode(unsigned char)" (?runOpCode@i8080_OpCodes@i8080@@QEAAXE@Z)
i8080_Opcodes.obj : error LNK2019: unresolved external symbol "private: void __cdecl i8080::i8080_OpCodes::func_MOV_D_B(void)" (?func_MOV_D_B@i8080_OpCodes@i8080@@AEAAXXZ) referenced in function "public: void __cdecl i8080::i8080_OpCodes::runOpCode(unsigned char)" (?runOpCode@i8080_OpCodes@i8080@@QEAAXE@Z)
i8080_Opcodes.obj : error LNK2019: unresolved external symbol "private: void __cdecl i8080::i8080_OpCodes::func_MOV_D_C(void)" (?func_MOV_D_C@i8080_OpCodes@i8080@@AEAAXXZ) referenced in function "public: void __cdecl i8080::i8080_OpCodes::runOpCode(unsigned char)" (?runOpCode@i8080_OpCodes@i8080@@QEAAXE@Z)
i8080_Opcodes.obj : error LNK2019: unresolved external symbol "private: void __cdecl i8080::i8080_OpCodes::func_MOV_D_D(void)" (?func_MOV_D_D@i8080_OpCodes@i8080@@AEAAXXZ) referenced in function "public: void __cdecl i8080::i8080_OpCodes::runOpCode(unsigned char)" (?runOpCode@i8080_OpCodes@i8080@@QEAAXE@Z)
i8080_Opcodes.obj : error LNK2019: unresolved external symbol "private: void __cdecl i8080::i8080_OpCodes::func_MOV_D_E(void)" (?func_MOV_D_E@i8080_OpCodes@i8080@@AEAAXXZ) referenced in function "public: void __cdecl i8080::i8080_OpCodes::runOpCode(unsigned char)" (?runOpCode@i8080_OpCodes@i8080@@QEAAXE@Z)
i8080_Opcodes.obj : error LNK2019: unresolved external symbol "private: void __cdecl i8080::i8080_OpCodes::func_MOV_D_H(void)" (?func_MOV_D_H@i8080_OpCodes@i8080@@AEAAXXZ) referenced in function "public: void __cdecl i8080::i8080_OpCodes::runOpCode(unsigned char)" (?runOpCode@i8080_OpCodes@i8080@@QEAAXE@Z)
i8080_Opcodes.obj : error LNK2019: unresolved external symbol "private: void __cdecl i8080::i8080_OpCodes::func_MOV_D_L(void)" (?func_MOV_D_L@i8080_OpCodes@i8080@@AEAAXXZ) referenced in function "public: void __cdecl i8080::i8080_OpCodes::runOpCode(unsigned char)" (?runOpCode@i8080_OpCodes@i8080@@QEAAXE@Z)
i8080_Opcodes.obj : error LNK2019: unresolved external symbol "private: void __cdecl i8080::i8080_OpCodes::func_MOV_D_M(void)" (?func_MOV_D_M@i8080_OpCodes@i8080@@AEAAXXZ) referenced in function "public: void __cdecl i8080::i8080_OpCodes::runOpCode(unsigned char)" (?runOpCode@i8080_OpCodes@i8080@@QEAAXE@Z)
i8080_Opcodes.obj : error LNK2019: unresolved external symbol "private: void __cdecl i8080::i8080_OpCodes::func_MOV_D_A(void)" (?func_MOV_D_A@i8080_OpCodes@i8080@@AEAAXXZ) referenced in function "public: void __cdecl i8080::i8080_OpCodes::runOpCode(unsigned char)" (?runOpCode@i8080_OpCodes@i8080@@QEAAXE@Z)
i8080_Opcodes.obj : error LNK2019: unresolved external symbol "private: void __cdecl i8080::i8080_OpCodes::func_MOV_E_B(void)" (?func_MOV_E_B@i8080_OpCodes@i8080@@AEAAXXZ) referenced in function "public: void __cdecl i8080::i8080_OpCodes::runOpCode(unsigned char)" (?runOpCode@i8080_OpCodes@i8080@@QEAAXE@Z)
i8080_Opcodes.obj : error LNK2019: unresolved external symbol "private: void __cdecl i8080::i8080_OpCodes::func_MOV_E_C(void)" (?func_MOV_E_C@i8080_OpCodes@i8080@@AEAAXXZ) referenced in function "public: void __cdecl i8080::i8080_OpCodes::runOpCode(unsigned char)" (?runOpCode@i8080_OpCodes@i8080@@QEAAXE@Z)
i8080_Opcodes.obj : error LNK2019: unresolved external symbol "private: void __cdecl i8080::i8080_OpCodes::func_MOV_E_D(void)" (?func_MOV_E_D@i8080_OpCodes@i8080@@AEAAXXZ) referenced in function "public: void __cdecl i8080::i8080_OpCodes::runOpCode(unsigned char)" (?runOpCode@i8080_OpCodes@i8080@@QEAAXE@Z)
i8080_Opcodes.obj : error LNK2019: unresolved external symbol "private: void __cdecl i8080::i8080_OpCodes::func_MOV_E_E(void)" (?func_MOV_E_E@i8080_OpCodes@i8080@@AEAAXXZ) referenced in function "public: void __cdecl i8080::i8080_OpCodes::runOpCode(unsigned char)" (?runOpCode@i8080_OpCodes@i8080@@QEAAXE@Z)
i8080_Opcodes.obj : error LNK2019: unresolved external symbol "private: void __cdecl i8080::i8080_OpCodes::func_MOV_E_H(void)" (?func_MOV_E_H@i8080_OpCodes@i8080@@AEAAXXZ) referenced in function "public: void __cdecl i8080::i8080_OpCodes::runOpCode(unsigned char)" (?runOpCode@i8080_OpCodes@i8080@@QEAAXE@Z)
i8080_Opcodes.obj : error LNK2019: unresolved external symbol "private: void __cdecl i8080::i8080_OpCodes::func_MOV_E_L(void)" (?func_MOV_E_L@i8080_OpCodes@i8080@@AEAAXXZ) referenced in function "public: void __cdecl i8080::i8080_OpCodes::runOpCode(unsigned char)" (?runOpCode@i8080_OpCodes@i8080@@QEAAXE@Z)
i8080_Opcodes.obj : error LNK2019: unresolved external symbol "private: void __cdecl i8080::i8080_OpCodes::func_MOV_E_M(void)" (?func_MOV_E_M@i8080_OpCodes@i8080@@AEAAXXZ) referenced in function "public: void __cdecl i8080::i8080_OpCodes::runOpCode(unsigned char)" (?runOpCode@i8080_OpCodes@i8080@@QEAAXE@Z)
i8080_Opcodes.obj : error LNK2019: unresolved external symbol "private: void __cdecl i8080::i8080_OpCodes::func_MOV_E_A(void)" (?func_MOV_E_A@i8080_OpCodes@i8080@@AEAAXXZ) referenced in function "public: void __cdecl i8080::i8080_OpCodes::runOpCode(unsigned char)" (?runOpCode@i8080_OpCodes@i8080@@QEAAXE@Z)
i8080_Opcodes.obj : error LNK2019: unresolved external symbol "private: void __cdecl i8080::i8080_OpCodes::func_MOV_H_B(void)" (?func_MOV_H_B@i8080_OpCodes@i8080@@AEAAXXZ) referenced in function "public: void __cdecl i8080::i8080_OpCodes::runOpCode(unsigned char)" (?runOpCode@i8080_OpCodes@i8080@@QEAAXE@Z)
i8080_Opcodes.obj : error LNK2019: unresolved external symbol "private: void __cdecl i8080::i8080_OpCodes::func_MOV_H_C(void)" (?func_MOV_H_C@i8080_OpCodes@i8080@@AEAAXXZ) referenced in function "public: void __cdecl i8080::i8080_OpCodes::runOpCode(unsigned char)" (?runOpCode@i8080_OpCodes@i8080@@QEAAXE@Z)
i8080_Opcodes.obj : error LNK2019: unresolved external symbol "private: void __cdecl i8080::i8080_OpCodes::func_MOV_H_D(void)" (?func_MOV_H_D@i8080_OpCodes@i8080@@AEAAXXZ) referenced in function "public: void __cdecl i8080::i8080_OpCodes::runOpCode(unsigned char)" (?runOpCode@i8080_OpCodes@i8080@@QEAAXE@Z)
i8080_Opcodes.obj : error LNK2019: unresolved external symbol "private: void __cdecl i8080::i8080_OpCodes::func_MOV_H_E(void)" (?func_MOV_H_E@i8080_OpCodes@i8080@@AEAAXXZ) referenced in function "public: void __cdecl i8080::i8080_OpCodes::runOpCode(unsigned char)" (?runOpCode@i8080_OpCodes@i8080@@QEAAXE@Z)
i8080_Opcodes.obj : error LNK2019: unresolved external symbol "private: void __cdecl i8080::i8080_OpCodes::func_MOV_H_H(void)" (?func_MOV_H_H@i8080_OpCodes@i8080@@AEAAXXZ) referenced in function "public: void __cdecl i8080::i8080_OpCodes::runOpCode(unsigned char)" (?runOpCode@i8080_OpCodes@i8080@@QEAAXE@Z)
i8080_Opcodes.obj : error LNK2019: unresolved external symbol "private: void __cdecl i8080::i8080_OpCodes::func_MOV_H_L(void)" (?func_MOV_H_L@i8080_OpCodes@i8080@@AEAAXXZ) referenced in function "public: void __cdecl i8080::i8080_OpCodes::runOpCode(unsigned char)" (?runOpCode@i8080_OpCodes@i8080@@QEAAXE@Z)
i8080_Opcodes.obj : error LNK2019: unresolved external symbol "private: void __cdecl i8080::i8080_OpCodes::func_MOV_H_M(void)" (?func_MOV_H_M@i8080_OpCodes@i8080@@AEAAXXZ) referenced in function "public: void __cdecl i8080::i8080_OpCodes::runOpCode(unsigned char)" (?runOpCode@i8080_OpCodes@i8080@@QEAAXE@Z)
i8080_Opcodes.obj : error LNK2019: unresolved external symbol "private: void __cdecl i8080::i8080_OpCodes::func_MOV_H_A(void)" (?func_MOV_H_A@i8080_OpCodes@i8080@@AEAAXXZ) referenced in function "public: void __cdecl i8080::i8080_OpCodes::runOpCode(unsigned char)" (?runOpCode@i8080_OpCodes@i8080@@QEAAXE@Z)
i8080_Opcodes.obj : error LNK2019: unresolved external symbol "private: void __cdecl i8080::i8080_OpCodes::func_MOV_L_B(void)" (?func_MOV_L_B@i8080_OpCodes@i8080@@AEAAXXZ) referenced in function "public: void __cdecl i8080::i8080_OpCodes::runOpCode(unsigned char)" (?runOpCode@i8080_OpCodes@i8080@@QEAAXE@Z)
i8080_Opcodes.obj : error LNK2019: unresolved external symbol "private: void __cdecl i8080::i8080_OpCodes::func_MOV_L_C(void)" (?func_MOV_L_C@i8080_OpCodes@i8080@@AEAAXXZ) referenced in function "public: void __cdecl i8080::i8080_OpCodes::runOpCode(unsigned char)" (?runOpCode@i8080_OpCodes@i8080@@QEAAXE@Z)
i8080_Opcodes.obj : error LNK2019: unresolved external symbol "private: void __cdecl i8080::i8080_OpCodes::func_MOV_L_D(void)" (?func_MOV_L_D@i8080_OpCodes@i8080@@AEAAXXZ) referenced in function "public: void __cdecl i8080::i8080_OpCodes::runOpCode(unsigned char)" (?runOpCode@i8080_OpCodes@i8080@@QEAAXE@Z)
i8080_Opcodes.obj : error LNK2019: unresolved external symbol "private: void __cdecl i8080::i8080_OpCodes::func_MOV_L_E(void)" (?func_MOV_L_E@i8080_OpCodes@i8080@@AEAAXXZ) referenced in function "public: void __cdecl i8080::i8080_OpCodes::runOpCode(unsigned char)" (?runOpCode@i8080_OpCodes@i8080@@QEAAXE@Z)
i8080_Opcodes.obj : error LNK2019: unresolved external symbol "private: void __cdecl i8080::i8080_OpCodes::func_MOV_L_H(void)" (?func_MOV_L_H@i8080_OpCodes@i8080@@AEAAXXZ) referenced in function "public: void __cdecl i8080::i8080_OpCodes::runOpCode(unsigned char)" (?runOpCode@i8080_OpCodes@i8080@@QEAAXE@Z)
i8080_Opcodes.obj : error LNK2019: unresolved external symbol "private: void __cdecl i8080::i8080_OpCodes::func_MOV_L_L(void)" (?func_MOV_L_L@i8080_OpCodes@i8080@@AEAAXXZ) referenced in function "public: void __cdecl i8080::i8080_OpCodes::runOpCode(unsigned char)" (?runOpCode@i8080_OpCodes@i8080@@QEAAXE@Z)
i8080_Opcodes.obj : error LNK2019: unresolved external symbol "private: void __cdecl i8080::i8080_OpCodes::func_MOV_L_M(void)" (?func_MOV_L_M@i8080_OpCodes@i8080@@AEAAXXZ) referenced in function "public: void __cdecl i8080::i8080_OpCodes::runOpCode(unsigned char)" (?runOpCode@i8080_OpCodes@i8080@@QEAAXE@Z)
i8080_Opcodes.obj : error LNK2019: unresolved external symbol "private: void __cdecl i8080::i8080_OpCodes::func_MOV_L_A(void)" (?func_MOV_L_A@i8080_OpCodes@i8080@@AEAAXXZ) referenced in function "public: void __cdecl i8080::i8080_OpCodes::runOpCode(unsigned char)" (?runOpCode@i8080_OpCodes@i8080@@QEAAXE@Z)
i8080_Opcodes.obj : error LNK2019: unresolved external symbol "private: void __cdecl i8080::i8080_OpCodes::func_MOV_M_B(void)" (?func_MOV_M_B@i8080_OpCodes@i8080@@AEAAXXZ) referenced in function "public: void __cdecl i8080::i8080_OpCodes::runOpCode(unsigned char)" (?runOpCode@i8080_OpCodes@i8080@@QEAAXE@Z)
i8080_Opcodes.obj : error LNK2019: unresolved external symbol "private: void __cdecl i8080::i8080_OpCodes::func_MOV_M_C(void)" (?func_MOV_M_C@i8080_OpCodes@i8080@@AEAAXXZ) referenced in function "public: void __cdecl i8080::i8080_OpCodes::runOpCode(unsigned char)" (?runOpCode@i8080_OpCodes@i8080@@QEAAXE@Z)
i8080_Opcodes.obj : error LNK2019: unresolved external symbol "private: void __cdecl i8080::i8080_OpCodes::func_MOV_M_D(void)" (?func_MOV_M_D@i8080_OpCodes@i8080@@AEAAXXZ) referenced in function "public: void __cdecl i8080::i8080_OpCodes::runOpCode(unsigned char)" (?runOpCode@i8080_OpCodes@i8080@@QEAAXE@Z)
i8080_Opcodes.obj : error LNK2019: unresolved external symbol "private: void __cdecl i8080::i8080_OpCodes::func_MOV_M_E(void)" (?func_MOV_M_E@i8080_OpCodes@i8080@@AEAAXXZ) referenced in function "public: void __cdecl i8080::i8080_OpCodes::runOpCode(unsigned char)" (?runOpCode@i8080_OpCodes@i8080@@QEAAXE@Z)
i8080_Opcodes.obj : error LNK2019: unresolved external symbol "private: void __cdecl i8080::i8080_OpCodes::func_MOV_M_H(void)" (?func_MOV_M_H@i8080_OpCodes@i8080@@AEAAXXZ) referenced in function "public: void __cdecl i8080::i8080_OpCodes::runOpCode(unsigned char)" (?runOpCode@i8080_OpCodes@i8080@@QEAAXE@Z)
i8080_Opcodes.obj : error LNK2019: unresolved external symbol "private: void __cdecl i8080::i8080_OpCodes::func_MOV_M_L(void)" (?func_MOV_M_L@i8080_OpCodes@i8080@@AEAAXXZ) referenced in function "public: void __cdecl i8080::i8080_OpCodes::runOpCode(unsigned char)" (?runOpCode@i8080_OpCodes@i8080@@QEAAXE@Z)
i8080_Opcodes.obj : error LNK2019: unresolved external symbol "private: void __cdecl i8080::i8080_OpCodes::func_HLT(void)" (?func_HLT@i8080_OpCodes@i8080@@AEAAXXZ) referenced in function "public: void __cdecl i8080::i8080_OpCodes::runOpCode(unsigned char)" (?runOpCode@i8080_OpCodes@i8080@@QEAAXE@Z)
i8080_Opcodes.obj : error LNK2019: unresolved external symbol "private: void __cdecl i8080::i8080_OpCodes::func_MOV_M_A(void)" (?func_MOV_M_A@i8080_OpCodes@i8080@@AEAAXXZ) referenced in function "public: void __cdecl i8080::i8080_OpCodes::runOpCode(unsigned char)" (?runOpCode@i8080_OpCodes@i8080@@QEAAXE@Z)
i8080_Opcodes.obj : error LNK2019: unresolved external symbol "private: void __cdecl i8080::i8080_OpCodes::func_MOV_A_B(void)" (?func_MOV_A_B@i8080_OpCodes@i8080@@AEAAXXZ) referenced in function "public: void __cdecl i8080::i8080_OpCodes::runOpCode(unsigned char)" (?runOpCode@i8080_OpCodes@i8080@@QEAAXE@Z)
i8080_Opcodes.obj : error LNK2019: unresolved external symbol "private: void __cdecl i8080::i8080_OpCodes::func_MOV_A_C(void)" (?func_MOV_A_C@i8080_OpCodes@i8080@@AEAAXXZ) referenced in function "public: void __cdecl i8080::i8080_OpCodes::runOpCode(unsigned char)" (?runOpCode@i8080_OpCodes@i8080@@QEAAXE@Z)
i8080_Opcodes.obj : error LNK2019: unresolved external symbol "private: void __cdecl i8080::i8080_OpCodes::func_MOV_A_D(void)" (?func_MOV_A_D@i8080_OpCodes@i8080@@AEAAXXZ) referenced in function "public: void __cdecl i8080::i8080_OpCodes::runOpCode(unsigned char)" (?runOpCode@i8080_OpCodes@i8080@@QEAAXE@Z)
i8080_Opcodes.obj : error LNK2019: unresolved external symbol "private: void __cdecl i8080::i8080_OpCodes::func_MOV_A_E(void)" (?func_MOV_A_E@i8080_OpCodes@i8080@@AEAAXXZ) referenced in function "public: void __cdecl i8080::i8080_OpCodes::runOpCode(unsigned char)" (?runOpCode@i8080_OpCodes@i8080@@QEAAXE@Z)
i8080_Opcodes.obj : error LNK2019: unresolved external symbol "private: void __cdecl i8080::i8080_OpCodes::func_MOV_A_H(void)" (?func_MOV_A_H@i8080_OpCodes@i8080@@AEAAXXZ) referenced in function "public: void __cdecl i8080::i8080_OpCodes::runOpCode(unsigned char)" (?runOpCode@i8080_OpCodes@i8080@@QEAAXE@Z)
i8080_Opcodes.obj : error LNK2019: unresolved external symbol "private: void __cdecl i8080::i8080_OpCodes::func_MOV_A_L(void)" (?func_MOV_A_L@i8080_OpCodes@i8080@@AEAAXXZ) referenced in function "public: void __cdecl i8080::i8080_OpCodes::runOpCode(unsigned char)" (?runOpCode@i8080_OpCodes@i8080@@QEAAXE@Z)
i8080_Opcodes.obj : error LNK2019: unresolved external symbol "private: void __cdecl i8080::i8080_OpCodes::func_MOV_A_M(void)" (?func_MOV_A_M@i8080_OpCodes@i8080@@AEAAXXZ) referenced in function "public: void __cdecl i8080::i8080_OpCodes::runOpCode(unsigned char)" (?runOpCode@i8080_OpCodes@i8080@@QEAAXE@Z)
i8080_Opcodes.obj : error LNK2019: unresolved external symbol "private: void __cdecl i8080::i8080_OpCodes::func_MOV_A_A(void)" (?func_MOV_A_A@i8080_OpCodes@i8080@@AEAAXXZ) referenced in function "public: void __cdecl i8080::i8080_OpCodes::runOpCode(unsigned char)" (?runOpCode@i8080_OpCodes@i8080@@QEAAXE@Z)
i8080_Opcodes.obj : error LNK2019: unresolved external symbol "private: void __cdecl i8080::i8080_OpCodes::func_ADD_B(void)" (?func_ADD_B@i8080_OpCodes@i8080@@AEAAXXZ) referenced in function "public: void __cdecl i8080::i8080_OpCodes::runOpCode(unsigned char)" (?runOpCode@i8080_OpCodes@i8080@@QEAAXE@Z)
i8080_Opcodes.obj : error LNK2019: unresolved external symbol "private: void __cdecl i8080::i8080_OpCodes::func_ADD_C(void)" (?func_ADD_C@i8080_OpCodes@i8080@@AEAAXXZ) referenced in function "public: void __cdecl i8080::i8080_OpCodes::runOpCode(unsigned char)" (?runOpCode@i8080_OpCodes@i8080@@QEAAXE@Z)
i8080_Opcodes.obj : error LNK2019: unresolved external symbol "private: void __cdecl i8080::i8080_OpCodes::func_ADD_D(void)" (?func_ADD_D@i8080_OpCodes@i8080@@AEAAXXZ) referenced in function "public: void __cdecl i8080::i8080_OpCodes::runOpCode(unsigned char)" (?runOpCode@i8080_OpCodes@i8080@@QEAAXE@Z)
i8080_Opcodes.obj : error LNK2019: unresolved external symbol "private: void __cdecl i8080::i8080_OpCodes::func_ADD_E(void)" (?func_ADD_E@i8080_OpCodes@i8080@@AEAAXXZ) referenced in function "public: void __cdecl i8080::i8080_OpCodes::runOpCode(unsigned char)" (?runOpCode@i8080_OpCodes@i8080@@QEAAXE@Z)
i8080_Opcodes.obj : error LNK2019: unresolved external symbol "private: void __cdecl i8080::i8080_OpCodes::func_ADD_H(void)" (?func_ADD_H@i8080_OpCodes@i8080@@AEAAXXZ) referenced in function "public: void __cdecl i8080::i8080_OpCodes::runOpCode(unsigned char)" (?runOpCode@i8080_OpCodes@i8080@@QEAAXE@Z)
i8080_Opcodes.obj : error LNK2019: unresolved external symbol "private: void __cdecl i8080::i8080_OpCodes::func_ADD_L(void)" (?func_ADD_L@i8080_OpCodes@i8080@@AEAAXXZ) referenced in function "public: void __cdecl i8080::i8080_OpCodes::runOpCode(unsigned char)" (?runOpCode@i8080_OpCodes@i8080@@QEAAXE@Z)
i8080_Opcodes.obj : error LNK2019: unresolved external symbol "private: void __cdecl i8080::i8080_OpCodes::func_ADD_M(void)" (?func_ADD_M@i8080_OpCodes@i8080@@AEAAXXZ) referenced in function "public: void __cdecl i8080::i8080_OpCodes::runOpCode(unsigned char)" (?runOpCode@i8080_OpCodes@i8080@@QEAAXE@Z)
i8080_Opcodes.obj : error LNK2019: unresolved external symbol "private: void __cdecl i8080::i8080_OpCodes::func_ADD_A(void)" (?func_ADD_A@i8080_OpCodes@i8080@@AEAAXXZ) referenced in function "public: void __cdecl i8080::i8080_OpCodes::runOpCode(unsigned char)" (?runOpCode@i8080_OpCodes@i8080@@QEAAXE@Z)
i8080_Opcodes.obj : error LNK2019: unresolved external symbol "private: void __cdecl i8080::i8080_OpCodes::func_ADC_B(void)" (?func_ADC_B@i8080_OpCodes@i8080@@AEAAXXZ) referenced in function "public: void __cdecl i8080::i8080_OpCodes::runOpCode(unsigned char)" (?runOpCode@i8080_OpCodes@i8080@@QEAAXE@Z)
i8080_Opcodes.obj : error LNK2019: unresolved external symbol "private: void __cdecl i8080::i8080_OpCodes::func_ADC_C(void)" (?func_ADC_C@i8080_OpCodes@i8080@@AEAAXXZ) referenced in function "public: void __cdecl i8080::i8080_OpCodes::runOpCode(unsigned char)" (?runOpCode@i8080_OpCodes@i8080@@QEAAXE@Z)
i8080_Opcodes.obj : error LNK2019: unresolved external symbol "private: void __cdecl i8080::i8080_OpCodes::func_ADC_D(void)" (?func_ADC_D@i8080_OpCodes@i8080@@AEAAXXZ) referenced in function "public: void __cdecl i8080::i8080_OpCodes::runOpCode(unsigned char)" (?runOpCode@i8080_OpCodes@i8080@@QEAAXE@Z)
i8080_Opcodes.obj : error LNK2019: unresolved external symbol "private: void __cdecl i8080::i8080_OpCodes::func_ADC_E(void)" (?func_ADC_E@i8080_OpCodes@i8080@@AEAAXXZ) referenced in function "public: void __cdecl i8080::i8080_OpCodes::runOpCode(unsigned char)" (?runOpCode@i8080_OpCodes@i8080@@QEAAXE@Z)
i8080_Opcodes.obj : error LNK2019: unresolved external symbol "private: void __cdecl i8080::i8080_OpCodes::func_ADC_H(void)" (?func_ADC_H@i8080_OpCodes@i8080@@AEAAXXZ) referenced in function "public: void __cdecl i8080::i8080_OpCodes::runOpCode(unsigned char)" (?runOpCode@i8080_OpCodes@i8080@@QEAAXE@Z)
i8080_Opcodes.obj : error LNK2019: unresolved external symbol "private: void __cdecl i8080::i8080_OpCodes::func_ADC_L(void)" (?func_ADC_L@i8080_OpCodes@i8080@@AEAAXXZ) referenced in function "public: void __cdecl i8080::i8080_OpCodes::runOpCode(unsigned char)" (?runOpCode@i8080_OpCodes@i8080@@QEAAXE@Z)
i8080_Opcodes.obj : error LNK2019: unresolved external symbol "private: void __cdecl i8080::i8080_OpCodes::func_ADC_M(void)" (?func_ADC_M@i8080_OpCodes@i8080@@AEAAXXZ) referenced in function "public: void __cdecl i8080::i8080_OpCodes::runOpCode(unsigned char)" (?runOpCode@i8080_OpCodes@i8080@@QEAAXE@Z)
i8080_Opcodes.obj : error LNK2019: unresolved external symbol "private: void __cdecl i8080::i8080_OpCodes::func_ADC_A(void)" (?func_ADC_A@i8080_OpCodes@i8080@@AEAAXXZ) referenced in function "public: void __cdecl i8080::i8080_OpCodes::runOpCode(unsigned char)" (?runOpCode@i8080_OpCodes@i8080@@QEAAXE@Z)
i8080_Opcodes.obj : error LNK2019: unresolved external symbol "private: void __cdecl i8080::i8080_OpCodes::func_SUB_B(void)" (?func_SUB_B@i8080_OpCodes@i8080@@AEAAXXZ) referenced in function "public: void __cdecl i8080::i8080_OpCodes::runOpCode(unsigned char)" (?runOpCode@i8080_OpCodes@i8080@@QEAAXE@Z)
i8080_Opcodes.obj : error LNK2019: unresolved external symbol "private: void __cdecl i8080::i8080_OpCodes::func_SUB_C(void)" (?func_SUB_C@i8080_OpCodes@i8080@@AEAAXXZ) referenced in function "public: void __cdecl i8080::i8080_OpCodes::runOpCode(unsigned char)" (?runOpCode@i8080_OpCodes@i8080@@QEAAXE@Z)
i8080_Opcodes.obj : error LNK2019: unresolved external symbol "private: void __cdecl i8080::i8080_OpCodes::func_SUB_D(void)" (?func_SUB_D@i8080_OpCodes@i8080@@AEAAXXZ) referenced in function "public: void __cdecl i8080::i8080_OpCodes::runOpCode(unsigned char)" (?runOpCode@i8080_OpCodes@i8080@@QEAAXE@Z)
i8080_Opcodes.obj : error LNK2019: unresolved external symbol "private: void __cdecl i8080::i8080_OpCodes::func_SUB_E(void)" (?func_SUB_E@i8080_OpCodes@i8080@@AEAAXXZ) referenced in function "public: void __cdecl i8080::i8080_OpCodes::runOpCode(unsigned char)" (?runOpCode@i8080_OpCodes@i8080@@QEAAXE@Z)
i8080_Opcodes.obj : error LNK2019: unresolved external symbol "private: void __cdecl i8080::i8080_OpCodes::func_SUB_H(void)" (?func_SUB_H@i8080_OpCodes@i8080@@AEAAXXZ) referenced in function "public: void __cdecl i8080::i8080_OpCodes::runOpCode(unsigned char)" (?runOpCode@i8080_OpCodes@i8080@@QEAAXE@Z)
i8080_Opcodes.obj : error LNK2019: unresolved external symbol "private: void __cdecl i8080::i8080_OpCodes::func_SUB_L(void)" (?func_SUB_L@i8080_OpCodes@i8080@@AEAAXXZ) referenced in function "public: void __cdecl i8080::i8080_OpCodes::runOpCode(unsigned char)" (?runOpCode@i8080_OpCodes@i8080@@QEAAXE@Z)
i8080_Opcodes.obj : error LNK2019: unresolved external symbol "private: void __cdecl i8080::i8080_OpCodes::func_SUB_M(void)" (?func_SUB_M@i8080_OpCodes@i8080@@AEAAXXZ) referenced in function "public: void __cdecl i8080::i8080_OpCodes::runOpCode(unsigned char)" (?runOpCode@i8080_OpCodes@i8080@@QEAAXE@Z)
i8080_Opcodes.obj : error LNK2019: unresolved external symbol "private: void __cdecl i8080::i8080_OpCodes::func_SUB_A(void)" (?func_SUB_A@i8080_OpCodes@i8080@@AEAAXXZ) referenced in function "public: void __cdecl i8080::i8080_OpCodes::runOpCode(unsigned char)" (?runOpCode@i8080_OpCodes@i8080@@QEAAXE@Z)
i8080_Opcodes.obj : error LNK2019: unresolved external symbol "private: void __cdecl i8080::i8080_OpCodes::func_SBB_B(void)" (?func_SBB_B@i8080_OpCodes@i8080@@AEAAXXZ) referenced in function "public: void __cdecl i8080::i8080_OpCodes::runOpCode(unsigned char)" (?runOpCode@i8080_OpCodes@i8080@@QEAAXE@Z)
i8080_Opcodes.obj : error LNK2019: unresolved external symbol "private: void __cdecl i8080::i8080_OpCodes::func_SBB_C(void)" (?func_SBB_C@i8080_OpCodes@i8080@@AEAAXXZ) referenced in function "public: void __cdecl i8080::i8080_OpCodes::runOpCode(unsigned char)" (?runOpCode@i8080_OpCodes@i8080@@QEAAXE@Z)
i8080_Opcodes.obj : error LNK2019: unresolved external symbol "private: void __cdecl i8080::i8080_OpCodes::func_SBB_D(void)" (?func_SBB_D@i8080_OpCodes@i8080@@AEAAXXZ) referenced in function "public: void __cdecl i8080::i8080_OpCodes::runOpCode(unsigned char)" (?runOpCode@i8080_OpCodes@i8080@@QEAAXE@Z)
i8080_Opcodes.obj : error LNK2019: unresolved external symbol "private: void __cdecl i8080::i8080_OpCodes::func_SBB_E(void)" (?func_SBB_E@i8080_OpCodes@i8080@@AEAAXXZ) referenced in function "public: void __cdecl i8080::i8080_OpCodes::runOpCode(unsigned char)" (?runOpCode@i8080_OpCodes@i8080@@QEAAXE@Z)
i8080_Opcodes.obj : error LNK2019: unresolved external symbol "private: void __cdecl i8080::i8080_OpCodes::func_SBB_H(void)" (?func_SBB_H@i8080_OpCodes@i8080@@AEAAXXZ) referenced in function "public: void __cdecl i8080::i8080_OpCodes::runOpCode(unsigned char)" (?runOpCode@i8080_OpCodes@i8080@@QEAAXE@Z)
i8080_Opcodes.obj : error LNK2019: unresolved external symbol "private: void __cdecl i8080::i8080_OpCodes::func_SBB_L(void)" (?func_SBB_L@i8080_OpCodes@i8080@@AEAAXXZ) referenced in function "public: void __cdecl i8080::i8080_OpCodes::runOpCode(unsigned char)" (?runOpCode@i8080_OpCodes@i8080@@QEAAXE@Z)
i8080_Opcodes.obj : error LNK2019: unresolved external symbol "private: void __cdecl i8080::i8080_OpCodes::func_SBB_M(void)" (?func_SBB_M@i8080_OpCodes@i8080@@AEAAXXZ) referenced in function "public: void __cdecl i8080::i8080_OpCodes::runOpCode(unsigned char)" (?runOpCode@i8080_OpCodes@i8080@@QEAAXE@Z)
i8080_Opcodes.obj : error LNK2019: unresolved external symbol "private: void __cdecl i8080::i8080_OpCodes::func_SBB_A(void)" (?func_SBB_A@i8080_OpCodes@i8080@@AEAAXXZ) referenced in function "public: void __cdecl i8080::i8080_OpCodes::runOpCode(unsigned char)" (?runOpCode@i8080_OpCodes@i8080@@QEAAXE@Z)
i8080_Opcodes.obj : error LNK2019: unresolved external symbol "private: void __cdecl i8080::i8080_OpCodes::func_ANA_B(void)" (?func_ANA_B@i8080_OpCodes@i8080@@AEAAXXZ) referenced in function "public: void __cdecl i8080::i8080_OpCodes::runOpCode(unsigned char)" (?runOpCode@i8080_OpCodes@i8080@@QEAAXE@Z)
i8080_Opcodes.obj : error LNK2019: unresolved external symbol "private: void __cdecl i8080::i8080_OpCodes::func_ANA_C(void)" (?func_ANA_C@i8080_OpCodes@i8080@@AEAAXXZ) referenced in function "public: void __cdecl i8080::i8080_OpCodes::runOpCode(unsigned char)" (?runOpCode@i8080_OpCodes@i8080@@QEAAXE@Z)
i8080_Opcodes.obj : error LNK2019: unresolved external symbol "private: void __cdecl i8080::i8080_OpCodes::func_ANA_D(void)" (?func_ANA_D@i8080_OpCodes@i8080@@AEAAXXZ) referenced in function "public: void __cdecl i8080::i8080_OpCodes::runOpCode(unsigned char)" (?runOpCode@i8080_OpCodes@i8080@@QEAAXE@Z)
i8080_Opcodes.obj : error LNK2019: unresolved external symbol "private: void __cdecl i8080::i8080_OpCodes::func_ANA_E(void)" (?func_ANA_E@i8080_OpCodes@i8080@@AEAAXXZ) referenced in function "public: void __cdecl i8080::i8080_OpCodes::runOpCode(unsigned char)" (?runOpCode@i8080_OpCodes@i8080@@QEAAXE@Z)
i8080_Opcodes.obj : error LNK2019: unresolved external symbol "private: void __cdecl i8080::i8080_OpCodes::func_ANA_H(void)" (?func_ANA_H@i8080_OpCodes@i8080@@AEAAXXZ) referenced in function "public: void __cdecl i8080::i8080_OpCodes::runOpCode(unsigned char)" (?runOpCode@i8080_OpCodes@i8080@@QEAAXE@Z)
i8080_Opcodes.obj : error LNK2019: unresolved external symbol "private: void __cdecl i8080::i8080_OpCodes::func_ANA_L(void)" (?func_ANA_L@i8080_OpCodes@i8080@@AEAAXXZ) referenced in function "public: void __cdecl i8080::i8080_OpCodes::runOpCode(unsigned char)" (?runOpCode@i8080_OpCodes@i8080@@QEAAXE@Z)
i8080_Opcodes.obj : error LNK2019: unresolved external symbol "private: void __cdecl i8080::i8080_OpCodes::func_ANA_M(void)" (?func_ANA_M@i8080_OpCodes@i8080@@AEAAXXZ) referenced in function "public: void __cdecl i8080::i8080_OpCodes::runOpCode(unsigned char)" (?runOpCode@i8080_OpCodes@i8080@@QEAAXE@Z)
i8080_Opcodes.obj : error LNK2019: unresolved external symbol "private: void __cdecl i8080::i8080_OpCodes::func_ANA_A(void)" (?func_ANA_A@i8080_OpCodes@i8080@@AEAAXXZ) referenced in function "public: void __cdecl i8080::i8080_OpCodes::runOpCode(unsigned char)" (?runOpCode@i8080_OpCodes@i8080@@QEAAXE@Z)
i8080_Opcodes.obj : error LNK2019: unresolved external symbol "private: void __cdecl i8080::i8080_OpCodes::func_XRA_B(void)" (?func_XRA_B@i8080_OpCodes@i8080@@AEAAXXZ) referenced in function "public: void __cdecl i8080::i8080_OpCodes::runOpCode(unsigned char)" (?runOpCode@i8080_OpCodes@i8080@@QEAAXE@Z)
i8080_Opcodes.obj : error LNK2019: unresolved external symbol "private: void __cdecl i8080::i8080_OpCodes::func_XRA_C(void)" (?func_XRA_C@i8080_OpCodes@i8080@@AEAAXXZ) referenced in function "public: void __cdecl i8080::i8080_OpCodes::runOpCode(unsigned char)" (?runOpCode@i8080_OpCodes@i8080@@QEAAXE@Z)
i8080_Opcodes.obj : error LNK2019: unresolved external symbol "private: void __cdecl i8080::i8080_OpCodes::func_XRA_D(void)" (?func_XRA_D@i8080_OpCodes@i8080@@AEAAXXZ) referenced in function "public: void __cdecl i8080::i8080_OpCodes::runOpCode(unsigned char)" (?runOpCode@i8080_OpCodes@i8080@@QEAAXE@Z)
i8080_Opcodes.obj : error LNK2019: unresolved external symbol "private: void __cdecl i8080::i8080_OpCodes::func_XRA_E(void)" (?func_XRA_E@i8080_OpCodes@i8080@@AEAAXXZ) referenced in function "public: void __cdecl i8080::i8080_OpCodes::runOpCode(unsigned char)" (?runOpCode@i8080_OpCodes@i8080@@QEAAXE@Z)
i8080_Opcodes.obj : error LNK2019: unresolved external symbol "private: void __cdecl i8080::i8080_OpCodes::func_XRA_H(void)" (?func_XRA_H@i8080_OpCodes@i8080@@AEAAXXZ) referenced in function "public: void __cdecl i8080::i8080_OpCodes::runOpCode(unsigned char)" (?runOpCode@i8080_OpCodes@i8080@@QEAAXE@Z)
i8080_Opcodes.obj : error LNK2019: unresolved external symbol "private: void __cdecl i8080::i8080_OpCodes::func_XRA_L(void)" (?func_XRA_L@i8080_OpCodes@i8080@@AEAAXXZ) referenced in function "public: void __cdecl i8080::i8080_OpCodes::runOpCode(unsigned char)" (?runOpCode@i8080_OpCodes@i8080@@QEAAXE@Z)
i8080_Opcodes.obj : error LNK2019: unresolved external symbol "private: void __cdecl i8080::i8080_OpCodes::func_XRA_M(void)" (?func_XRA_M@i8080_OpCodes@i8080@@AEAAXXZ) referenced in function "public: void __cdecl i8080::i8080_OpCodes::runOpCode(unsigned char)" (?runOpCode@i8080_OpCodes@i8080@@QEAAXE@Z)
i8080_Opcodes.obj : error LNK2019: unresolved external symbol "private: void __cdecl i8080::i8080_OpCodes::func_XRA_A(void)" (?func_XRA_A@i8080_OpCodes@i8080@@AEAAXXZ) referenced in function "public: void __cdecl i8080::i8080_OpCodes::runOpCode(unsigned char)" (?runOpCode@i8080_OpCodes@i8080@@QEAAXE@Z)
i8080_Opcodes.obj : error LNK2019: unresolved external symbol "private: void __cdecl i8080::i8080_OpCodes::func_ORA_B(void)" (?func_ORA_B@i8080_OpCodes@i8080@@AEAAXXZ) referenced in function "public: void __cdecl i8080::i8080_OpCodes::runOpCode(unsigned char)" (?runOpCode@i8080_OpCodes@i8080@@QEAAXE@Z)
i8080_Opcodes.obj : error LNK2019: unresolved external symbol "private: void __cdecl i8080::i8080_OpCodes::func_ORA_C(void)" (?func_ORA_C@i8080_OpCodes@i8080@@AEAAXXZ) referenced in function "public: void __cdecl i8080::i8080_OpCodes::runOpCode(unsigned char)" (?runOpCode@i8080_OpCodes@i8080@@QEAAXE@Z)
i8080_Opcodes.obj : error LNK2019: unresolved external symbol "private: void __cdecl i8080::i8080_OpCodes::func_ORA_D(void)" (?func_ORA_D@i8080_OpCodes@i8080@@AEAAXXZ) referenced in function "public: void __cdecl i8080::i8080_OpCodes::runOpCode(unsigned char)" (?runOpCode@i8080_OpCodes@i8080@@QEAAXE@Z)
i8080_Opcodes.obj : error LNK2019: unresolved external symbol "private: void __cdecl i8080::i8080_OpCodes::func_ORA_E(void)" (?func_ORA_E@i8080_OpCodes@i8080@@AEAAXXZ) referenced in function "public: void __cdecl i8080::i8080_OpCodes::runOpCode(unsigned char)" (?runOpCode@i8080_OpCodes@i8080@@QEAAXE@Z)
i8080_Opcodes.obj : error LNK2019: unresolved external symbol "private: void __cdecl i8080::i8080_OpCodes::func_ORA_H(void)" (?func_ORA_H@i8080_OpCodes@i8080@@AEAAXXZ) referenced in function "public: void __cdecl i8080::i8080_OpCodes::runOpCode(unsigned char)" (?runOpCode@i8080_OpCodes@i8080@@QEAAXE@Z)
i8080_Opcodes.obj : error LNK2019: unresolved external symbol "private: void __cdecl i8080::i8080_OpCodes::func_ORA_L(void)" (?func_ORA_L@i8080_OpCodes@i8080@@AEAAXXZ) referenced in function "public: void __cdecl i8080::i8080_OpCodes::runOpCode(unsigned char)" (?runOpCode@i8080_OpCodes@i8080@@QEAAXE@Z)
i8080_Opcodes.obj : error LNK2019: unresolved external symbol "private: void __cdecl i8080::i8080_OpCodes::func_ORA_M(void)" (?func_ORA_M@i8080_OpCodes@i8080@@AEAAXXZ) referenced in function "public: void __cdecl i8080::i8080_OpCodes::runOpCode(unsigned char)" (?runOpCode@i8080_OpCodes@i8080@@QEAAXE@Z)
i8080_Opcodes.obj : error LNK2019: unresolved external symbol "private: void __cdecl i8080::i8080_OpCodes::func_ORA_A(void)" (?func_ORA_A@i8080_OpCodes@i8080@@AEAAXXZ) referenced in function "public: void __cdecl i8080::i8080_OpCodes::runOpCode(unsigned char)" (?runOpCode@i8080_OpCodes@i8080@@QEAAXE@Z)
i8080_Opcodes.obj : error LNK2019: unresolved external symbol "private: void __cdecl i8080::i8080_OpCodes::func_CMP_B(void)" (?func_CMP_B@i8080_OpCodes@i8080@@AEAAXXZ) referenced in function "public: void __cdecl i8080::i8080_OpCodes::runOpCode(unsigned char)" (?runOpCode@i8080_OpCodes@i8080@@QEAAXE@Z)
i8080_Opcodes.obj : error LNK2019: unresolved external symbol "private: void __cdecl i8080::i8080_OpCodes::func_CMP_C(void)" (?func_CMP_C@i8080_OpCodes@i8080@@AEAAXXZ) referenced in function "public: void __cdecl i8080::i8080_OpCodes::runOpCode(unsigned char)" (?runOpCode@i8080_OpCodes@i8080@@QEAAXE@Z)
i8080_Opcodes.obj : error LNK2019: unresolved external symbol "private: void __cdecl i8080::i8080_OpCodes::func_CMP_D(void)" (?func_CMP_D@i8080_OpCodes@i8080@@AEAAXXZ) referenced in function "public: void __cdecl i8080::i8080_OpCodes::runOpCode(unsigned char)" (?runOpCode@i8080_OpCodes@i8080@@QEAAXE@Z)
i8080_Opcodes.obj : error LNK2019: unresolved external symbol "private: void __cdecl i8080::i8080_OpCodes::func_CMP_E(void)" (?func_CMP_E@i8080_OpCodes@i8080@@AEAAXXZ) referenced in function "public: void __cdecl i8080::i8080_OpCodes::runOpCode(unsigned char)" (?runOpCode@i8080_OpCodes@i8080@@QEAAXE@Z)
i8080_Opcodes.obj : error LNK2019: unresolved external symbol "private: void __cdecl i8080::i8080_OpCodes::func_CMP_H(void)" (?func_CMP_H@i8080_OpCodes@i8080@@AEAAXXZ) referenced in function "public: void __cdecl i8080::i8080_OpCodes::runOpCode(unsigned char)" (?runOpCode@i8080_OpCodes@i8080@@QEAAXE@Z)
i8080_Opcodes.obj : error LNK2019: unresolved external symbol "private: void __cdecl i8080::i8080_OpCodes::func_CMP_L(void)" (?func_CMP_L@i8080_OpCodes@i8080@@AEAAXXZ) referenced in function "public: void __cdecl i8080::i8080_OpCodes::runOpCode(unsigned char)" (?runOpCode@i8080_OpCodes@i8080@@QEAAXE@Z)
i8080_Opcodes.obj : error LNK2019: unresolved external symbol "private: void __cdecl i8080::i8080_OpCodes::func_CMP_M(void)" (?func_CMP_M@i8080_OpCodes@i8080@@AEAAXXZ) referenced in function "public: void __cdecl i8080::i8080_OpCodes::runOpCode(unsigned char)" (?runOpCode@i8080_OpCodes@i8080@@QEAAXE@Z)
i8080_Opcodes.obj : error LNK2019: unresolved external symbol "private: void __cdecl i8080::i8080_OpCodes::func_CMP_A(void)" (?func_CMP_A@i8080_OpCodes@i8080@@AEAAXXZ) referenced in function "public: void __cdecl i8080::i8080_OpCodes::runOpCode(unsigned char)" (?runOpCode@i8080_OpCodes@i8080@@QEAAXE@Z)
i8080_Opcodes.obj : error LNK2019: unresolved external symbol "private: void __cdecl i8080::i8080_OpCodes::func_RNZ(void)" (?func_RNZ@i8080_OpCodes@i8080@@AEAAXXZ) referenced in function "public: void __cdecl i8080::i8080_OpCodes::runOpCode(unsigned char)" (?runOpCode@i8080_OpCodes@i8080@@QEAAXE@Z)
i8080_Opcodes.obj : error LNK2019: unresolved external symbol "private: void __cdecl i8080::i8080_OpCodes::func_POP_B(void)" (?func_POP_B@i8080_OpCodes@i8080@@AEAAXXZ) referenced in function "public: void __cdecl i8080::i8080_OpCodes::runOpCode(unsigned char)" (?runOpCode@i8080_OpCodes@i8080@@QEAAXE@Z)
i8080_Opcodes.obj : error LNK2019: unresolved external symbol "private: void __cdecl i8080::i8080_OpCodes::func_JNZ_ADR(void)" (?func_JNZ_ADR@i8080_OpCodes@i8080@@AEAAXXZ) referenced in function "public: void __cdecl i8080::i8080_OpCodes::runOpCode(unsigned char)" (?runOpCode@i8080_OpCodes@i8080@@QEAAXE@Z)
i8080_Opcodes.obj : error LNK2019: unresolved external symbol "private: void __cdecl i8080::i8080_OpCodes::func_JMP_ADR(void)" (?func_JMP_ADR@i8080_OpCodes@i8080@@AEAAXXZ) referenced in function "public: void __cdecl i8080::i8080_OpCodes::runOpCode(unsigned char)" (?runOpCode@i8080_OpCodes@i8080@@QEAAXE@Z)
i8080_Opcodes.obj : error LNK2019: unresolved external symbol "private: void __cdecl i8080::i8080_OpCodes::func_CNZ_ADR(void)" (?func_CNZ_ADR@i8080_OpCodes@i8080@@AEAAXXZ) referenced in function "public: void __cdecl i8080::i8080_OpCodes::runOpCode(unsigned char)" (?runOpCode@i8080_OpCodes@i8080@@QEAAXE@Z)
i8080_Opcodes.obj : error LNK2019: unresolved external symbol "private: void __cdecl i8080::i8080_OpCodes::func_PUSH_B(void)" (?func_PUSH_B@i8080_OpCodes@i8080@@AEAAXXZ) referenced in function "public: void __cdecl i8080::i8080_OpCodes::runOpCode(unsigned char)" (?runOpCode@i8080_OpCodes@i8080@@QEAAXE@Z)
i8080_Opcodes.obj : error LNK2019: unresolved external symbol "private: void __cdecl i8080::i8080_OpCodes::func_ADI_D8(void)" (?func_ADI_D8@i8080_OpCodes@i8080@@AEAAXXZ) referenced in function "public: void __cdecl i8080::i8080_OpCodes::runOpCode(unsigned char)" (?runOpCode@i8080_OpCodes@i8080@@QEAAXE@Z)
i8080_Opcodes.obj : error LNK2019: unresolved external symbol "private: void __cdecl i8080::i8080_OpCodes::func_RST_0(void)" (?func_RST_0@i8080_OpCodes@i8080@@AEAAXXZ) referenced in function "public: void __cdecl i8080::i8080_OpCodes::runOpCode(unsigned char)" (?runOpCode@i8080_OpCodes@i8080@@QEAAXE@Z)
i8080_Opcodes.obj : error LNK2019: unresolved external symbol "private: void __cdecl i8080::i8080_OpCodes::func_RZ(void)" (?func_RZ@i8080_OpCodes@i8080@@AEAAXXZ) referenced in function "public: void __cdecl i8080::i8080_OpCodes::runOpCode(unsigned char)" (?runOpCode@i8080_OpCodes@i8080@@QEAAXE@Z)
i8080_Opcodes.obj : error LNK2019: unresolved external symbol "private: void __cdecl i8080::i8080_OpCodes::func_RET(void)" (?func_RET@i8080_OpCodes@i8080@@AEAAXXZ) referenced in function "public: void __cdecl i8080::i8080_OpCodes::runOpCode(unsigned char)" (?runOpCode@i8080_OpCodes@i8080@@QEAAXE@Z)
i8080_Opcodes.obj : error LNK2019: unresolved external symbol "private: void __cdecl i8080::i8080_OpCodes::func_JZ_ADR(void)" (?func_JZ_ADR@i8080_OpCodes@i8080@@AEAAXXZ) referenced in function "public: void __cdecl i8080::i8080_OpCodes::runOpCode(unsigned char)" (?runOpCode@i8080_OpCodes@i8080@@QEAAXE@Z)
i8080_Opcodes.obj : error LNK2019: unresolved external symbol "private: void __cdecl i8080::i8080_OpCodes::func_CZ_ADR(void)" (?func_CZ_ADR@i8080_OpCodes@i8080@@AEAAXXZ) referenced in function "public: void __cdecl i8080::i8080_OpCodes::runOpCode(unsigned char)" (?runOpCode@i8080_OpCodes@i8080@@QEAAXE@Z)
i8080_Opcodes.obj : error LNK2019: unresolved external symbol "private: void __cdecl i8080::i8080_OpCodes::func_CALL_ADR(void)" (?func_CALL_ADR@i8080_OpCodes@i8080@@AEAAXXZ) referenced in function "public: void __cdecl i8080::i8080_OpCodes::runOpCode(unsigned char)" (?runOpCode@i8080_OpCodes@i8080@@QEAAXE@Z)
i8080_Opcodes.obj : error LNK2019: unresolved external symbol "private: void __cdecl i8080::i8080_OpCodes::func_ACI_D8(void)" (?func_ACI_D8@i8080_OpCodes@i8080@@AEAAXXZ) referenced in function "public: void __cdecl i8080::i8080_OpCodes::runOpCode(unsigned char)" (?runOpCode@i8080_OpCodes@i8080@@QEAAXE@Z)
i8080_Opcodes.obj : error LNK2019: unresolved external symbol "private: void __cdecl i8080::i8080_OpCodes::func_RST_1(void)" (?func_RST_1@i8080_OpCodes@i8080@@AEAAXXZ) referenced in function "public: void __cdecl i8080::i8080_OpCodes::runOpCode(unsigned char)" (?runOpCode@i8080_OpCodes@i8080@@QEAAXE@Z)
i8080_Opcodes.obj : error LNK2019: unresolved external symbol "private: void __cdecl i8080::i8080_OpCodes::func_RNC(void)" (?func_RNC@i8080_OpCodes@i8080@@AEAAXXZ) referenced in function "public: void __cdecl i8080::i8080_OpCodes::runOpCode(unsigned char)" (?runOpCode@i8080_OpCodes@i8080@@QEAAXE@Z)
i8080_Opcodes.obj : error LNK2019: unresolved external symbol "private: void __cdecl i8080::i8080_OpCodes::func_POP_D(void)" (?func_POP_D@i8080_OpCodes@i8080@@AEAAXXZ) referenced in function "public: void __cdecl i8080::i8080_OpCodes::runOpCode(unsigned char)" (?runOpCode@i8080_OpCodes@i8080@@QEAAXE@Z)
i8080_Opcodes.obj : error LNK2019: unresolved external symbol "private: void __cdecl i8080::i8080_OpCodes::func_JNC_ADR(void)" (?func_JNC_ADR@i8080_OpCodes@i8080@@AEAAXXZ) referenced in function "public: void __cdecl i8080::i8080_OpCodes::runOpCode(unsigned char)" (?runOpCode@i8080_OpCodes@i8080@@QEAAXE@Z)
i8080_Opcodes.obj : error LNK2019: unresolved external symbol "private: void __cdecl i8080::i8080_OpCodes::func_OUT_D8(void)" (?func_OUT_D8@i8080_OpCodes@i8080@@AEAAXXZ) referenced in function "public: void __cdecl i8080::i8080_OpCodes::runOpCode(unsigned char)" (?runOpCode@i8080_OpCodes@i8080@@QEAAXE@Z)
i8080_Opcodes.obj : error LNK2019: unresolved external symbol "private: void __cdecl i8080::i8080_OpCodes::func_CNC_ADR(void)" (?func_CNC_ADR@i8080_OpCodes@i8080@@AEAAXXZ) referenced in function "public: void __cdecl i8080::i8080_OpCodes::runOpCode(unsigned char)" (?runOpCode@i8080_OpCodes@i8080@@QEAAXE@Z)
i8080_Opcodes.obj : error LNK2019: unresolved external symbol "private: void __cdecl i8080::i8080_OpCodes::func_PUSH_D(void)" (?func_PUSH_D@i8080_OpCodes@i8080@@AEAAXXZ) referenced in function "public: void __cdecl i8080::i8080_OpCodes::runOpCode(unsigned char)" (?runOpCode@i8080_OpCodes@i8080@@QEAAXE@Z)
i8080_Opcodes.obj : error LNK2019: unresolved external symbol "private: void __cdecl i8080::i8080_OpCodes::func_SUI_D8(void)" (?func_SUI_D8@i8080_OpCodes@i8080@@AEAAXXZ) referenced in function "public: void __cdecl i8080::i8080_OpCodes::runOpCode(unsigned char)" (?runOpCode@i8080_OpCodes@i8080@@QEAAXE@Z)
i8080_Opcodes.obj : error LNK2019: unresolved external symbol "private: void __cdecl i8080::i8080_OpCodes::func_RST_2(void)" (?func_RST_2@i8080_OpCodes@i8080@@AEAAXXZ) referenced in function "public: void __cdecl i8080::i8080_OpCodes::runOpCode(unsigned char)" (?runOpCode@i8080_OpCodes@i8080@@QEAAXE@Z)
i8080_Opcodes.obj : error LNK2019: unresolved external symbol "private: void __cdecl i8080::i8080_OpCodes::func_RC(void)" (?func_RC@i8080_OpCodes@i8080@@AEAAXXZ) referenced in function "public: void __cdecl i8080::i8080_OpCodes::runOpCode(unsigned char)" (?runOpCode@i8080_OpCodes@i8080@@QEAAXE@Z)
i8080_Opcodes.obj : error LNK2019: unresolved external symbol "private: void __cdecl i8080::i8080_OpCodes::func_JC_ADR(void)" (?func_JC_ADR@i8080_OpCodes@i8080@@AEAAXXZ) referenced in function "public: void __cdecl i8080::i8080_OpCodes::runOpCode(unsigned char)" (?runOpCode@i8080_OpCodes@i8080@@QEAAXE@Z)
i8080_Opcodes.obj : error LNK2019: unresolved external symbol "private: void __cdecl i8080::i8080_OpCodes::func_IN_D8(void)" (?func_IN_D8@i8080_OpCodes@i8080@@AEAAXXZ) referenced in function "public: void __cdecl i8080::i8080_OpCodes::runOpCode(unsigned char)" (?runOpCode@i8080_OpCodes@i8080@@QEAAXE@Z)
i8080_Opcodes.obj : error LNK2019: unresolved external symbol "private: void __cdecl i8080::i8080_OpCodes::func_CC_ADR(void)" (?func_CC_ADR@i8080_OpCodes@i8080@@AEAAXXZ) referenced in function "public: void __cdecl i8080::i8080_OpCodes::runOpCode(unsigned char)" (?runOpCode@i8080_OpCodes@i8080@@QEAAXE@Z)
i8080_Opcodes.obj : error LNK2019: unresolved external symbol "private: void __cdecl i8080::i8080_OpCodes::func_SBI_D8(void)" (?func_SBI_D8@i8080_OpCodes@i8080@@AEAAXXZ) referenced in function "public: void __cdecl i8080::i8080_OpCodes::runOpCode(unsigned char)" (?runOpCode@i8080_OpCodes@i8080@@QEAAXE@Z)
i8080_Opcodes.obj : error LNK2019: unresolved external symbol "private: void __cdecl i8080::i8080_OpCodes::func_RST_3(void)" (?func_RST_3@i8080_OpCodes@i8080@@AEAAXXZ) referenced in function "public: void __cdecl i8080::i8080_OpCodes::runOpCode(unsigned char)" (?runOpCode@i8080_OpCodes@i8080@@QEAAXE@Z)
i8080_Opcodes.obj : error LNK2019: unresolved external symbol "private: void __cdecl i8080::i8080_OpCodes::func_RPO(void)" (?func_RPO@i8080_OpCodes@i8080@@AEAAXXZ) referenced in function "public: void __cdecl i8080::i8080_OpCodes::runOpCode(unsigned char)" (?runOpCode@i8080_OpCodes@i8080@@QEAAXE@Z)
i8080_Opcodes.obj : error LNK2019: unresolved external symbol "private: void __cdecl i8080::i8080_OpCodes::func_POP_H(void)" (?func_POP_H@i8080_OpCodes@i8080@@AEAAXXZ) referenced in function "public: void __cdecl i8080::i8080_OpCodes::runOpCode(unsigned char)" (?runOpCode@i8080_OpCodes@i8080@@QEAAXE@Z)
i8080_Opcodes.obj : error LNK2019: unresolved external symbol "private: void __cdecl i8080::i8080_OpCodes::func_JPO_ADR(void)" (?func_JPO_ADR@i8080_OpCodes@i8080@@AEAAXXZ) referenced in function "public: void __cdecl i8080::i8080_OpCodes::runOpCode(unsigned char)" (?runOpCode@i8080_OpCodes@i8080@@QEAAXE@Z)
i8080_Opcodes.obj : error LNK2019: unresolved external symbol "private: void __cdecl i8080::i8080_OpCodes::func_XTHL(void)" (?func_XTHL@i8080_OpCodes@i8080@@AEAAXXZ) referenced in function "public: void __cdecl i8080::i8080_OpCodes::runOpCode(unsigned char)" (?runOpCode@i8080_OpCodes@i8080@@QEAAXE@Z)
i8080_Opcodes.obj : error LNK2019: unresolved external symbol "private: void __cdecl i8080::i8080_OpCodes::func_CPO_ADR(void)" (?func_CPO_ADR@i8080_OpCodes@i8080@@AEAAXXZ) referenced in function "public: void __cdecl i8080::i8080_OpCodes::runOpCode(unsigned char)" (?runOpCode@i8080_OpCodes@i8080@@QEAAXE@Z)
i8080_Opcodes.obj : error LNK2019: unresolved external symbol "private: void __cdecl i8080::i8080_OpCodes::func_PUSH_H(void)" (?func_PUSH_H@i8080_OpCodes@i8080@@AEAAXXZ) referenced in function "public: void __cdecl i8080::i8080_OpCodes::runOpCode(unsigned char)" (?runOpCode@i8080_OpCodes@i8080@@QEAAXE@Z)
i8080_Opcodes.obj : error LNK2019: unresolved external symbol "private: void __cdecl i8080::i8080_OpCodes::func_ANI_D8(void)" (?func_ANI_D8@i8080_OpCodes@i8080@@AEAAXXZ) referenced in function "public: void __cdecl i8080::i8080_OpCodes::runOpCode(unsigned char)" (?runOpCode@i8080_OpCodes@i8080@@QEAAXE@Z)
i8080_Opcodes.obj : error LNK2019: unresolved external symbol "private: void __cdecl i8080::i8080_OpCodes::func_RST_4(void)" (?func_RST_4@i8080_OpCodes@i8080@@AEAAXXZ) referenced in function "public: void __cdecl i8080::i8080_OpCodes::runOpCode(unsigned char)" (?runOpCode@i8080_OpCodes@i8080@@QEAAXE@Z)
i8080_Opcodes.obj : error LNK2019: unresolved external symbol "private: void __cdecl i8080::i8080_OpCodes::func_RPE(void)" (?func_RPE@i8080_OpCodes@i8080@@AEAAXXZ) referenced in function "public: void __cdecl i8080::i8080_OpCodes::runOpCode(unsigned char)" (?runOpCode@i8080_OpCodes@i8080@@QEAAXE@Z)
i8080_Opcodes.obj : error LNK2019: unresolved external symbol "private: void __cdecl i8080::i8080_OpCodes::func_PCHL(void)" (?func_PCHL@i8080_OpCodes@i8080@@AEAAXXZ) referenced in function "public: void __cdecl i8080::i8080_OpCodes::runOpCode(unsigned char)" (?runOpCode@i8080_OpCodes@i8080@@QEAAXE@Z)
i8080_Opcodes.obj : error LNK2019: unresolved external symbol "private: void __cdecl i8080::i8080_OpCodes::func_JPE_ADR(void)" (?func_JPE_ADR@i8080_OpCodes@i8080@@AEAAXXZ) referenced in function "public: void __cdecl i8080::i8080_OpCodes::runOpCode(unsigned char)" (?runOpCode@i8080_OpCodes@i8080@@QEAAXE@Z)
i8080_Opcodes.obj : error LNK2019: unresolved external symbol "private: void __cdecl i8080::i8080_OpCodes::func_XCHG(void)" (?func_XCHG@i8080_OpCodes@i8080@@AEAAXXZ) referenced in function "public: void __cdecl i8080::i8080_OpCodes::runOpCode(unsigned char)" (?runOpCode@i8080_OpCodes@i8080@@QEAAXE@Z)
i8080_Opcodes.obj : error LNK2019: unresolved external symbol "private: void __cdecl i8080::i8080_OpCodes::func_CPE_ADR(void)" (?func_CPE_ADR@i8080_OpCodes@i8080@@AEAAXXZ) referenced in function "public: void __cdecl i8080::i8080_OpCodes::runOpCode(unsigned char)" (?runOpCode@i8080_OpCodes@i8080@@QEAAXE@Z)
i8080_Opcodes.obj : error LNK2019: unresolved external symbol "private: void __cdecl i8080::i8080_OpCodes::func_XRI_D8(void)" (?func_XRI_D8@i8080_OpCodes@i8080@@AEAAXXZ) referenced in function "public: void __cdecl i8080::i8080_OpCodes::runOpCode(unsigned char)" (?runOpCode@i8080_OpCodes@i8080@@QEAAXE@Z)
i8080_Opcodes.obj : error LNK2019: unresolved external symbol "private: void __cdecl i8080::i8080_OpCodes::func_RST_5(void)" (?func_RST_5@i8080_OpCodes@i8080@@AEAAXXZ) referenced in function "public: void __cdecl i8080::i8080_OpCodes::runOpCode(unsigned char)" (?runOpCode@i8080_OpCodes@i8080@@QEAAXE@Z)
i8080_Opcodes.obj : error LNK2019: unresolved external symbol "private: void __cdecl i8080::i8080_OpCodes::func_RP(void)" (?func_RP@i8080_OpCodes@i8080@@AEAAXXZ) referenced in function "public: void __cdecl i8080::i8080_OpCodes::runOpCode(unsigned char)" (?runOpCode@i8080_OpCodes@i8080@@QEAAXE@Z)
i8080_Opcodes.obj : error LNK2019: unresolved external symbol "private: void __cdecl i8080::i8080_OpCodes::func_POP_PSW(void)" (?func_POP_PSW@i8080_OpCodes@i8080@@AEAAXXZ) referenced in function "public: void __cdecl i8080::i8080_OpCodes::runOpCode(unsigned char)" (?runOpCode@i8080_OpCodes@i8080@@QEAAXE@Z)
i8080_Opcodes.obj : error LNK2019: unresolved external symbol "private: void __cdecl i8080::i8080_OpCodes::func_JP_ADR(void)" (?func_JP_ADR@i8080_OpCodes@i8080@@AEAAXXZ) referenced in function "public: void __cdecl i8080::i8080_OpCodes::runOpCode(unsigned char)" (?runOpCode@i8080_OpCodes@i8080@@QEAAXE@Z)
i8080_Opcodes.obj : error LNK2019: unresolved external symbol "private: void __cdecl i8080::i8080_OpCodes::func_DI(void)" (?func_DI@i8080_OpCodes@i8080@@AEAAXXZ) referenced in function "public: void __cdecl i8080::i8080_OpCodes::runOpCode(unsigned char)" (?runOpCode@i8080_OpCodes@i8080@@QEAAXE@Z)
i8080_Opcodes.obj : error LNK2019: unresolved external symbol "private: void __cdecl i8080::i8080_OpCodes::func_CP_ADR(void)" (?func_CP_ADR@i8080_OpCodes@i8080@@AEAAXXZ) referenced in function "public: void __cdecl i8080::i8080_OpCodes::runOpCode(unsigned char)" (?runOpCode@i8080_OpCodes@i8080@@QEAAXE@Z)
i8080_Opcodes.obj : error LNK2019: unresolved external symbol "private: void __cdecl i8080::i8080_OpCodes::func_PUSH_PSW(void)" (?func_PUSH_PSW@i8080_OpCodes@i8080@@AEAAXXZ) referenced in function "public: void __cdecl i8080::i8080_OpCodes::runOpCode(unsigned char)" (?runOpCode@i8080_OpCodes@i8080@@QEAAXE@Z)
i8080_Opcodes.obj : error LNK2019: unresolved external symbol "private: void __cdecl i8080::i8080_OpCodes::func_ORI_D8(void)" (?func_ORI_D8@i8080_OpCodes@i8080@@AEAAXXZ) referenced in function "public: void __cdecl i8080::i8080_OpCodes::runOpCode(unsigned char)" (?runOpCode@i8080_OpCodes@i8080@@QEAAXE@Z)
i8080_Opcodes.obj : error LNK2019: unresolved external symbol "private: void __cdecl i8080::i8080_OpCodes::func_RST_6(void)" (?func_RST_6@i8080_OpCodes@i8080@@AEAAXXZ) referenced in function "public: void __cdecl i8080::i8080_OpCodes::runOpCode(unsigned char)" (?runOpCode@i8080_OpCodes@i8080@@QEAAXE@Z)
i8080_Opcodes.obj : error LNK2019: unresolved external symbol "private: void __cdecl i8080::i8080_OpCodes::func_RM(void)" (?func_RM@i8080_OpCodes@i8080@@AEAAXXZ) referenced in function "public: void __cdecl i8080::i8080_OpCodes::runOpCode(unsigned char)" (?runOpCode@i8080_OpCodes@i8080@@QEAAXE@Z)
i8080_Opcodes.obj : error LNK2019: unresolved external symbol "private: void __cdecl i8080::i8080_OpCodes::func_SPHL(void)" (?func_SPHL@i8080_OpCodes@i8080@@AEAAXXZ) referenced in function "public: void __cdecl i8080::i8080_OpCodes::runOpCode(unsigned char)" (?runOpCode@i8080_OpCodes@i8080@@QEAAXE@Z)
i8080_Opcodes.obj : error LNK2019: unresolved external symbol "private: void __cdecl i8080::i8080_OpCodes::func_JM_ADR(void)" (?func_JM_ADR@i8080_OpCodes@i8080@@AEAAXXZ) referenced in function "public: void __cdecl i8080::i8080_OpCodes::runOpCode(unsigned char)" (?runOpCode@i8080_OpCodes@i8080@@QEAAXE@Z)
i8080_Opcodes.obj : error LNK2019: unresolved external symbol "private: void __cdecl i8080::i8080_OpCodes::func_EI(void)" (?func_EI@i8080_OpCodes@i8080@@AEAAXXZ) referenced in function "public: void __cdecl i8080::i8080_OpCodes::runOpCode(unsigned char)" (?runOpCode@i8080_OpCodes@i8080@@QEAAXE@Z)
i8080_Opcodes.obj : error LNK2019: unresolved external symbol "private: void __cdecl i8080::i8080_OpCodes::func_CM_ADR(void)" (?func_CM_ADR@i8080_OpCodes@i8080@@AEAAXXZ) referenced in function "public: void __cdecl i8080::i8080_OpCodes::runOpCode(unsigned char)" (?runOpCode@i8080_OpCodes@i8080@@QEAAXE@Z)
i8080_Opcodes.obj : error LNK2019: unresolved external symbol "private: void __cdecl i8080::i8080_OpCodes::func_CPI_D8(void)" (?func_CPI_D8@i8080_OpCodes@i8080@@AEAAXXZ) referenced in function "public: void __cdecl i8080::i8080_OpCodes::runOpCode(unsigned char)" (?runOpCode@i8080_OpCodes@i8080@@QEAAXE@Z)
i8080_Opcodes.obj : error LNK2019: unresolved external symbol "private: void __cdecl i8080::i8080_OpCodes::func_RST_7(void)" (?func_RST_7@i8080_OpCodes@i8080@@AEAAXXZ) referenced in function "public: void __cdecl i8080::i8080_OpCodes::runOpCode(unsigned char)" (?runOpCode@i8080_OpCodes@i8080@@QEAAXE@Z)
C:\Users\Maddy\Documents\School\CS_467\i8080_Emulator\x64\Debug\Emulator_8080.exe : fatal error LNK1120: 244 unresolved externals
